============================================================
作业开始时间: Tue Aug 12 10:54:33 HKT 2025
作业ID: 53479
节点名称: gpu05
GPU数量: 1
CPU核心数: 32
============================================================
加载CUDA模块...
启动GPU利用率监控...
GPU监控进程PID: 170804

============================================================
=== Python环境检查 ===
============================================================
Python版本: 3.13.5 | packaged by Anaconda, Inc. | (main, Jun 12 2025, 16:09:02) [GCC 11.2.0]
PyTorch版本: 2.7.1+cu126
CUDA可用: True
GPU数量: 1
GPU名称: NVIDIA A30
GPU内存: 23.6GB

=== 开始运行优化实验 ===
配置文件: configs/experiment_optimized.yaml
开始时间: Tue Aug 12 10:54:40 HKT 2025
2025-08-12 10:54:46 - root - INFO - ============================================================
2025-08-12 10:54:46 - root - INFO - RealdataEXP 实验框架启动
2025-08-12 10:54:46 - root - INFO - ============================================================
2025-08-12 10:54:46 - root - INFO - 实验模式: global_optimized
2025-08-12 10:54:46 - root - INFO - 实验目录: /home/zhixuanhu/IEDA_WeightedTraining/RealdataEXP/results/20250812_1054
2025-08-12 10:54:46 - root - INFO - 配置文件: /home/zhixuanhu/IEDA_WeightedTraining/RealdataEXP/configs/experiment_optimized.yaml
2025-08-12 10:54:46 - root - INFO - [模式选择] 运行Global模式优化实验
2025-08-12 10:54:46 - libs.modes.global_mode_optimized - INFO - [Global模式优化] 初始化完成，设备: cuda, AMP: True
2025-08-12 10:54:46 - libs.modes.global_mode_optimized - INFO - [Global模式优化] 开始运行完整实验...
2025-08-12 10:54:46 - libs.utils.gpu_utils - INFO - ========== GPU诊断信息 ==========
2025-08-12 10:54:46 - libs.utils.gpu_utils - INFO - [GPU检查] CUDA可用，使用GPU: NVIDIA A30
2025-08-12 10:54:46 - libs.utils.gpu_utils - INFO - [GPU检查]   - 设备ID: 0
2025-08-12 10:54:46 - libs.utils.gpu_utils - INFO - [GPU检查]   - 总内存: 23.60 GB
2025-08-12 10:54:46 - libs.utils.gpu_utils - INFO - [GPU检查]   - 计算能力: 8.0
2025-08-12 10:54:46 - libs.utils.gpu_utils - INFO - [GPU检查]   - 多处理器数量: 56
2025-08-12 10:54:46 - libs.utils.gpu_utils - INFO - [GPU检查]   - 初始已分配内存: 0.00 MB
2025-08-12 10:54:46 - libs.utils.gpu_utils - INFO - [GPU检查]   - 初始保留内存: 0.00 MB
2025-08-12 10:54:46 - libs.utils.gpu_utils - INFO - [GPU检查]   - GPU运算测试: 通过 (1000x1000矩阵乘法)
2025-08-12 10:54:46 - libs.utils.gpu_utils - INFO - =====================================
2025-08-12 10:54:46 - libs.utils.gpu_utils - INFO - [GPU速度测试] 开始GPU训练速度测试...
2025-08-12 10:54:52 - libs.utils.gpu_utils - INFO - [GPU速度测试] 完成100次迭代，用时: 0.04秒
2025-08-12 10:54:52 - libs.utils.gpu_utils - INFO - [GPU速度测试] 处理速度: 2338033 样本/秒
2025-08-12 10:54:52 - libs.modes.global_mode_optimized - INFO - [Global模式优化] 开始数据加载和准备...
2025-08-12 10:54:52 - libs.data.data_loader - INFO - [数据准备] 开始数据加载和准备流程...
2025-08-12 10:54:52 - libs.data.data_loader - INFO - [数据加载] 开始加载所有数据文件...
2025-08-12 10:54:52 - libs.data.data_loader - INFO - [数据加载] (1/6) 正在加载 log_random: log_random_4_22_to_5_08_27k.csv
2025-08-12 10:54:52 - libs.modes.global_mode_optimized - ERROR - [Global模式优化] 实验执行失败: 数据文件不存在: data/log_random_4_22_to_5_08_27k.csv
Traceback (most recent call last):
  File "/home/zhixuanhu/IEDA_WeightedTraining/RealdataEXP/libs/modes/global_mode_optimized.py", line 555, in run
    self.load_and_prepare_data()
    ~~~~~~~~~~~~~~~~~~~~~~~~~~^^
  File "/home/zhixuanhu/IEDA_WeightedTraining/RealdataEXP/libs/modes/global_mode_optimized.py", line 153, in load_and_prepare_data
    self.data_loader_wrapper.load_and_prepare_data()
    ~~~~~~~~~~~~~~~~~~~~~~~~~~~~~~~~~~~~~~~~~~~~~~^^
  File "/home/zhixuanhu/IEDA_WeightedTraining/RealdataEXP/libs/data/data_loader.py", line 211, in load_and_prepare_data
    raw_data = self.load_all_data()
  File "/home/zhixuanhu/IEDA_WeightedTraining/RealdataEXP/libs/data/data_loader.py", line 122, in load_all_data
    raise FileNotFoundError(f"数据文件不存在: {full_path}")
FileNotFoundError: 数据文件不存在: data/log_random_4_22_to_5_08_27k.csv
2025-08-12 10:54:52 - root - ERROR - 实验执行失败: 数据文件不存在: data/log_random_4_22_to_5_08_27k.csv
2025-08-12 10:54:52 - root - ERROR - 详细错误信息:
Traceback (most recent call last):
  File "/home/zhixuanhu/IEDA_WeightedTraining/RealdataEXP/main.py", line 77, in main
    experiment.run()
    ~~~~~~~~~~~~~~^^
  File "/home/zhixuanhu/IEDA_WeightedTraining/RealdataEXP/libs/modes/global_mode_optimized.py", line 555, in run
    self.load_and_prepare_data()
    ~~~~~~~~~~~~~~~~~~~~~~~~~~^^
  File "/home/zhixuanhu/IEDA_WeightedTraining/RealdataEXP/libs/modes/global_mode_optimized.py", line 153, in load_and_prepare_data
    self.data_loader_wrapper.load_and_prepare_data()
    ~~~~~~~~~~~~~~~~~~~~~~~~~~~~~~~~~~~~~~~~~~~~~~^^
  File "/home/zhixuanhu/IEDA_WeightedTraining/RealdataEXP/libs/data/data_loader.py", line 211, in load_and_prepare_data
    raw_data = self.load_all_data()
  File "/home/zhixuanhu/IEDA_WeightedTraining/RealdataEXP/libs/data/data_loader.py", line 122, in load_all_data
    raise FileNotFoundError(f"数据文件不存在: {full_path}")
FileNotFoundError: 数据文件不存在: data/log_random_4_22_to_5_08_27k.csv

============================================================
停止GPU利用率监控 (PID: 170804)...
✅ 实验成功完成！
作业结束时间: Tue Aug 12 10:54:53 HKT 2025
详细日志保存在: results/gpu_run_53479_detailed.log
GPU利用率日志: results/gpu_utilization_53479.log

=== GPU利用率统计 ===
GPU利用率文件行数: 3
最后几条GPU状态:
timestamp, utilization.gpu [%], utilization.memory [%], memory.used [MiB], memory.total [MiB], power.draw [W], temperature.gpu
2025/08/12 10:54:33.697, 0 %, 0 %, 1 MiB, 24576 MiB, 32.46 W, 30
2025/08/12 10:54:43.698, 0 %, 0 %, 1 MiB, 24576 MiB, 32.46 W, 30
============================================================
