============================================================
作业开始时间: Mon Aug  4 13:47:37 HKT 2025
作业ID: 52178
节点名称: gpu01
GPU数量: 1
============================================================
加载CUDA模块...
============================================================
CUDA环境检测
============================================================
检查GPU状态...
Mon Aug  4 13:47:38 2025       
+-----------------------------------------------------------------------------------------+
| NVIDIA-SMI 565.57.01              Driver Version: 565.57.01      CUDA Version: 12.7     |
|-----------------------------------------+------------------------+----------------------+
| GPU  Name                 Persistence-M | Bus-Id          Disp.A | Volatile Uncorr. ECC |
| Fan  Temp   Perf          Pwr:Usage/Cap |           Memory-Usage | GPU-Util  Compute M. |
|                                         |                        |               MIG M. |
|=========================================+========================+======================|
|   0  NVIDIA A30                     On  |   00000000:61:00.0 Off |                    0 |
| N/A   32C    P0             29W /  165W |       1MiB /  24576MiB |      0%      Default |
|                                         |                        |             Disabled |
+-----------------------------------------+------------------------+----------------------+
                                                                                         
+-----------------------------------------------------------------------------------------+
| Processes:                                                                              |
|  GPU   GI   CI        PID   Type   Process name                              GPU Memory |
|        ID   ID                                                               Usage      |
|=========================================================================================|
|  No running processes found                                                             |
+-----------------------------------------------------------------------------------------+
✅ GPU检测成功

检查CUDA版本...
nvcc: NVIDIA (R) Cuda compiler driver
Copyright (c) 2005-2024 NVIDIA Corporation
Built on Tue_Feb_27_16:19:38_PST_2024
Cuda compilation tools, release 12.4, V12.4.99
Build cuda_12.4.r12.4/compiler.33961263_0
✅ CUDA工具包可用

检查Python和PyTorch环境...
❌ Python环境检测失败，继续运行但可能遇到问题
注意：在SLURM环境中，GPU只有在作业分配后才可用

============================================================
环境检测完成 - 所有检查通过！
============================================================
批处理模式：自动开始实验...

============================================================
开始运行实验
============================================================
使用配置文件: configs/experiment.yaml
设备配置: auto (将自动选择GPU)
SLURM作业分配后的GPU状态：
Mon Aug  4 13:47:40 2025       
+-----------------------------------------------------------------------------------------+
| NVIDIA-SMI 565.57.01              Driver Version: 565.57.01      CUDA Version: 12.7     |
|-----------------------------------------+------------------------+----------------------+
| GPU  Name                 Persistence-M | Bus-Id          Disp.A | Volatile Uncorr. ECC |
| Fan  Temp   Perf          Pwr:Usage/Cap |           Memory-Usage | GPU-Util  Compute M. |
|                                         |                        |               MIG M. |
|=========================================+========================+======================|
|   0  NVIDIA A30                     On  |   00000000:61:00.0 Off |                    0 |
| N/A   32C    P0             29W /  165W |       1MiB /  24576MiB |      0%      Default |
|                                         |                        |             Disabled |
+-----------------------------------------+------------------------+----------------------+
                                                                                         
+-----------------------------------------------------------------------------------------+
| Processes:                                                                              |
|  GPU   GI   CI        PID   Type   Process name                              GPU Memory |
|        ID   ID                                                               Usage      |
|=========================================================================================|
|  No running processes found                                                             |
+-----------------------------------------------------------------------------------------+

开始运行Global Mode GPU实验...
预期运行时间：约60-90分钟

2025-08-04 13:47:46 - root - INFO - ============================================================
2025-08-04 13:47:46 - root - INFO - RealdataEXP 实验框架启动
2025-08-04 13:47:46 - root - INFO - ============================================================
2025-08-04 13:47:46 - root - INFO - 实验模式: global
2025-08-04 13:47:46 - root - INFO - 实验目录: /home/zhixuanhu/IEDA_WeightedTraining/RealdataEXP/results/20250804_1347
2025-08-04 13:47:46 - root - INFO - 配置文件: /home/zhixuanhu/IEDA_WeightedTraining/RealdataEXP/configs/experiment.yaml
2025-08-04 13:47:46 - root - INFO - [模式选择] 运行Global模式实验
2025-08-04 13:47:47 - libs.modes.global_mode - INFO - [Global模式] 初始化完成，设备: cuda
2025-08-04 13:47:47 - libs.modes.global_mode - INFO - [Global模式] 开始运行完整实验...
2025-08-04 13:47:47 - libs.modes.global_mode - INFO - [Global模式] 开始数据加载和准备...
2025-08-04 13:47:47 - libs.data.data_loader - INFO - [数据准备] 开始数据加载和准备流程...
2025-08-04 13:47:47 - libs.data.data_loader - INFO - [数据加载] 开始加载所有数据文件...
2025-08-04 13:47:47 - libs.data.data_loader - INFO - [数据加载] (1/6) 正在加载 log_random: data/log_random_4_22_to_5_08_pure.csv
2025-08-04 13:47:47 - libs.data.data_loader - INFO - [数据加载] log_random 加载完成，形状: (1186059, 19)
2025-08-04 13:47:47 - libs.data.data_loader - INFO - [数据加载] (2/6) 正在加载 log_standard_early: data/log_standard_4_08_to_4_21_pure.csv
2025-08-04 13:47:48 - libs.data.data_loader - INFO - [数据加载] log_standard_early 加载完成，形状: (1141112, 19)
2025-08-04 13:47:48 - libs.data.data_loader - INFO - [数据加载] (3/6) 正在加载 log_standard_late: data/log_standard_4_22_to_5_08_pure.csv
2025-08-04 13:47:48 - libs.data.data_loader - INFO - [数据加载] log_standard_late 加载完成，形状: (295497, 19)
2025-08-04 13:47:48 - libs.data.data_loader - INFO - [数据加载] (4/6) 正在加载 user_features: data/user_features_pure.csv
2025-08-04 13:47:48 - libs.data.data_loader - INFO - [数据加载] user_features 加载完成，形状: (27285, 31)
2025-08-04 13:47:48 - libs.data.data_loader - INFO - [数据加载] (5/6) 正在加载 video_basic: data/video_features_basic_pure.csv
2025-08-04 13:47:48 - libs.data.data_loader - INFO - [数据加载] video_basic 加载完成，形状: (7583, 12)
2025-08-04 13:47:48 - libs.data.data_loader - INFO - [数据加载] (6/6) 正在加载 video_statistic: data/video_features_statistic_pure.csv
2025-08-04 13:47:48 - libs.data.data_loader - INFO - [数据加载] video_statistic 加载完成，形状: (7583, 52)
2025-08-04 13:47:48 - libs.data.data_loader - INFO - [数据加载] 所有数据文件加载完成
2025-08-04 13:47:48 - libs.data.data_loader - INFO - [数据合并] 合并多个日志文件...
2025-08-04 13:47:48 - libs.data.data_loader - INFO - [数据合并] 合并后日志数据形状: (2622668, 19)
2025-08-04 13:47:48 - libs.data.data_loader - INFO - [特征合并] 开始合并用户和视频特征...
2025-08-04 13:47:49 - libs.data.data_loader - INFO - [特征合并] 合并用户特征后形状: (2622668, 49)
2025-08-04 13:47:50 - libs.data.data_loader - INFO - [特征合并] 合并视频基础特征后形状: (2622668, 60)
2025-08-04 13:47:51 - libs.data.data_loader - INFO - [特征合并] 合并视频统计特征后形状: (2622668, 111)
2025-08-04 13:47:51 - libs.data.data_loader - INFO - [特征合并] 特征合并完成
2025-08-04 13:47:51 - libs.data.cache_manager - INFO - [缓存] 数据已加载: user_video_lists
2025-08-04 13:47:51 - libs.data.data_loader - INFO - [缓存] 从缓存加载用户-视频交互列表
2025-08-04 13:47:51 - libs.data.data_loader - INFO - [用户划分] 开始划分用户，验证集比例: 0.2
2025-08-04 13:47:51 - libs.data.data_loader - INFO - [用户划分] 训练用户数: 21828, 验证用户数: 5457
2025-08-04 13:47:51 - libs.data.data_loader - INFO - [标记位] 添加mask和used标记位...
2025-08-04 13:47:51 - libs.data.data_loader - INFO - [标记位] mask=1的样本数: 519057/2622668 (19.79%)
2025-08-04 13:47:51 - libs.data.data_loader - INFO - [标记位] 标记位添加完成
2025-08-04 13:47:51 - libs.data.data_loader - INFO - [数据准备] 数据准备流程完成
2025-08-04 13:47:51 - libs.modes.global_mode - INFO - [数据统计] 总样本数: 2622668
2025-08-04 13:47:51 - libs.modes.global_mode - INFO - [数据统计] 唯一用户数: 27285
2025-08-04 13:47:51 - libs.modes.global_mode - INFO - [数据统计] 唯一视频数: 7583
2025-08-04 13:47:51 - libs.modes.global_mode - INFO - [数据统计] 训练用户数: 21828
2025-08-04 13:47:51 - libs.modes.global_mode - INFO - [数据统计] 验证用户数: 5457
2025-08-04 13:47:51 - libs.modes.global_mode - INFO - [数据统计] 点击率: 0.3314
2025-08-04 13:47:51 - libs.modes.global_mode - INFO - [数据统计] 平均播放时长: 15676.54ms
2025-08-04 13:47:51 - libs.modes.global_mode - INFO - [特征处理] 开始特征预处理...
2025-08-04 13:47:51 - libs.data.feature_processor - INFO - [特征处理] 开始特征拟合和转换...
2025-08-04 13:47:51 - libs.data.feature_processor - INFO - [特征处理] 处理缺失值...
2025-08-04 13:47:53 - libs.data.feature_processor - INFO - [特征处理] video_duration: 用0填充 65794 个缺失值
2025-08-04 13:47:53 - libs.data.feature_processor - INFO - [特征处理] onehot_feat4: 用0填充 89845 个缺失值
2025-08-04 13:47:53 - libs.data.feature_processor - INFO - [特征处理] onehot_feat12: 用0填充 59024 个缺失值
2025-08-04 13:47:53 - libs.data.feature_processor - INFO - [特征处理] onehot_feat13: 用0填充 59024 个缺失值
2025-08-04 13:47:53 - libs.data.feature_processor - INFO - [特征处理] onehot_feat14: 用0填充 59024 个缺失值
2025-08-04 13:47:53 - libs.data.feature_processor - INFO - [特征处理] onehot_feat15: 用0填充 59024 个缺失值
2025-08-04 13:47:53 - libs.data.feature_processor - INFO - [特征处理] onehot_feat16: 用0填充 59024 个缺失值
2025-08-04 13:47:53 - libs.data.feature_processor - INFO - [特征处理] onehot_feat17: 用0填充 59024 个缺失值
2025-08-04 13:47:53 - libs.data.feature_processor - INFO - [特征处理] tag: 将 28107 个缺失值标记为'MISSING'
2025-08-04 13:47:53 - libs.data.feature_processor - INFO - [特征处理] 缺失值处理完成
2025-08-04 13:47:53 - libs.data.feature_processor - INFO - [特征处理] 处理分类特征...
2025-08-04 13:47:55 - libs.data.feature_processor - INFO - [特征处理] user_active_degree: 9 个唯一值
2025-08-04 13:47:56 - libs.data.feature_processor - INFO - [特征处理] user_active_degree -> 9 个one-hot特征
2025-08-04 13:47:56 - libs.data.feature_processor - INFO - [特征处理] video_type: 3 个唯一值
2025-08-04 13:47:58 - libs.data.feature_processor - INFO - [特征处理] video_type -> 3 个one-hot特征
2025-08-04 13:47:58 - libs.data.feature_processor - INFO - [特征处理] tag: 111 个唯一值
2025-08-04 13:47:59 - libs.data.feature_processor - INFO - [特征处理] tag -> 111 个one-hot特征
2025-08-04 13:47:59 - libs.data.feature_processor - INFO - [特征处理] 分类特征处理完成，总维度: 123
2025-08-04 13:47:59 - libs.data.feature_processor - INFO - [特征处理] 处理数值特征...
2025-08-04 13:48:00 - libs.data.feature_processor - WARNING - [特征处理] 缺失的数值特征: ['follow_user_num']
2025-08-04 13:48:01 - libs.data.feature_processor - INFO - [特征处理] 数值特征标准化器已拟合，特征数: 34
2025-08-04 13:48:02 - libs.data.feature_processor - INFO - [特征处理] 数值特征标准化完成，维度: 34
2025-08-04 13:48:02 - libs.data.feature_processor - INFO - [特征处理] 特征处理完成，总维度: 157 (数值: 34, 分类: 123)
2025-08-04 13:48:02 - libs.data.feature_processor - INFO - [特征处理] 数据类型转换完成
2025-08-04 13:48:02 - libs.modes.global_mode - INFO - [特征处理] 特征维度: 157
2025-08-04 13:48:02 - libs.modes.global_mode - INFO - [特征处理] 特征列: ['video_duration', 'server_width', 'server_height', 'show_cnt', 'play_cnt', 'play_user_num', 'complete_play_cnt', 'like_cnt', 'comment_cnt', 'share_cnt', 'collect_cnt', 'is_live_streamer', 'is_video_author', 'fans_user_num', 'friend_user_num', 'register_days', 'onehot_feat0', 'onehot_feat1', 'onehot_feat2', 'onehot_feat3', 'onehot_feat4', 'onehot_feat5', 'onehot_feat6', 'onehot_feat7', 'onehot_feat8', 'onehot_feat9', 'onehot_feat10', 'onehot_feat11', 'onehot_feat12', 'onehot_feat13', 'onehot_feat14', 'onehot_feat15', 'onehot_feat16', 'onehot_feat17', 'user_active_degree_2_14_day_new', 'user_active_degree_30day_retention', 'user_active_degree_UNKNOWN', 'user_active_degree_day_new', 'user_active_degree_full_active', 'user_active_degree_high_active', 'user_active_degree_low_active', 'user_active_degree_middle_active', 'user_active_degree_single_low_active', 'video_type_AD', 'video_type_NORMAL', 'video_type_UNKNOWN', 'tag_1', 'tag_1,62', 'tag_10', 'tag_10,60', 'tag_11', 'tag_11,60', 'tag_12', 'tag_12,54', 'tag_12,54,60', 'tag_12,60', 'tag_12,62', 'tag_12,62,42', 'tag_12,62,60', 'tag_12,65', 'tag_12,65,60', 'tag_13', 'tag_13,62', 'tag_13,65', 'tag_14', 'tag_15', 'tag_15,67', 'tag_16', 'tag_17', 'tag_18', 'tag_19', 'tag_2', 'tag_20', 'tag_20,43', 'tag_20,54', 'tag_20,67', 'tag_20,67,68', 'tag_20,68', 'tag_21', 'tag_22', 'tag_23', 'tag_24', 'tag_25', 'tag_25,54', 'tag_25,65', 'tag_25,67', 'tag_26', 'tag_26,62', 'tag_26,65', 'tag_26,67', 'tag_27', 'tag_27,42', 'tag_27,42,54', 'tag_27,54', 'tag_27,67', 'tag_28', 'tag_29', 'tag_3', 'tag_3,42', 'tag_3,62', 'tag_3,62,42', 'tag_3,67', 'tag_30', 'tag_34', 'tag_35', 'tag_36', 'tag_37', 'tag_38', 'tag_39', 'tag_39,43', 'tag_39,68', 'tag_39,9', 'tag_4', 'tag_40,39', 'tag_42,18', 'tag_42,4', 'tag_42,60,18', 'tag_5', 'tag_5,42', 'tag_5,42,60', 'tag_5,54', 'tag_5,65', 'tag_5,65,42', 'tag_5,67', 'tag_56,39', 'tag_6', 'tag_62,10,60', 'tag_62,16', 'tag_62,18', 'tag_62,2', 'tag_62,27', 'tag_62,27,42', 'tag_62,4', 'tag_62,42,18', 'tag_62,42,4', 'tag_62,5', 'tag_62,5,42', 'tag_62,65,4', 'tag_62,7', 'tag_65,11', 'tag_65,18', 'tag_65,27,42', 'tag_65,36', 'tag_65,4', 'tag_65,42,18', 'tag_67,11', 'tag_67,19', 'tag_67,34', 'tag_67,4', 'tag_67,6', 'tag_67,7', 'tag_68,6', 'tag_7', 'tag_8', 'tag_8,67', 'tag_9', 'tag_MISSING']
2025-08-04 13:48:02 - libs.models.multi_label_model - INFO - [模型构建] 开始构建多标签预测模型...
2025-08-04 13:48:02 - libs.models.multi_label_model - INFO - [模型构建] 构建 play_time 模型...
2025-08-04 13:48:05 - libs.models.multi_label_model - INFO - [模型构建] play_time 模型: 30593 参数
2025-08-04 13:48:05 - libs.models.multi_label_model - INFO - [模型构建] 构建 click 模型...
2025-08-04 13:48:05 - libs.models.multi_label_model - INFO - [模型构建] click 模型: 12737 参数
2025-08-04 13:48:05 - libs.models.multi_label_model - INFO - [模型构建] 多标签模型构建完成，共 2 个模型
2025-08-04 13:48:05 - libs.modes.global_mode - INFO - [Global模式] 数据准备完成
2025-08-04 13:48:05 - libs.modes.global_mode - INFO - [预训练] 开始预训练阶段...
2025-08-04 13:48:08 - libs.modes.global_mode - INFO - [预训练] 训练数据量: 2103611
2025-08-04 13:48:08 - libs.modes.global_mode - INFO - [预训练] Epoch 1/2
2025-08-04 14:07:30 - libs.modes.global_mode - INFO - [预训练] Epoch 1 平均损失 - play_time: 3.145876, click: 0.595823
2025-08-04 14:07:30 - libs.modes.global_mode - INFO - [预训练] Epoch 2/2
2025-08-04 14:26:48 - libs.modes.global_mode - INFO - [预训练] Epoch 2 平均损失 - play_time: 2.973538, click: 0.584918
2025-08-04 14:26:48 - libs.modes.global_mode - INFO - [预训练] 预训练阶段完成
2025-08-04 14:26:48 - libs.modes.global_mode - INFO - [Global仿真] 开始全局仿真流程...
2025-08-04 14:26:48 - libs.modes.global_mode - INFO - [Global仿真] ===== Step 1/200 =====
2025-08-04 14:26:48 - libs.modes.global_mode - INFO - [GT流程] 开始Treatment组仿真...
2025-08-04 14:26:48 - libs.modes.global_mode - INFO - [Treatment仿真] Step 1: 开始处理 64 个用户
2025-08-04 14:27:42 - libs.modes.global_mode - INFO - [Treatment仿真] Step 1: 处理了 64 个用户
2025-08-04 14:27:42 - libs.modes.global_mode - INFO - [GC流程] 开始Control组仿真...
2025-08-04 14:27:42 - libs.modes.global_mode - INFO - [Control仿真] Step 1: 开始处理 64 个用户
2025-08-04 14:28:35 - libs.modes.global_mode - INFO - [Control仿真] Step 1: 处理了 64 个用户
2025-08-04 14:28:35 - libs.utils.metrics - INFO - [训练 Step 1] step_play_time_T: 1852442.000000, step_play_time_C: 2120838.000000, total_play_time_T: 1852442.000000, total_play_time_C: 2120838.000000, step_click_T: 30.000000, step_click_C: 29.000000, total_click_T: 30.000000, total_click_C: 29.000000, step: 1.000000
2025-08-04 14:28:35 - libs.modes.global_mode - INFO - [Global仿真] ===== Step 2/200 =====
2025-08-04 14:28:35 - libs.modes.global_mode - INFO - [GT流程] 开始Treatment组仿真...
2025-08-04 14:28:35 - libs.modes.global_mode - INFO - [Treatment仿真] Step 2: 开始处理 64 个用户
2025-08-04 14:29:34 - libs.modes.global_mode - INFO - [Treatment仿真] Step 2: 处理了 64 个用户
2025-08-04 14:29:34 - libs.modes.global_mode - INFO - [GC流程] 开始Control组仿真...
2025-08-04 14:29:34 - libs.modes.global_mode - INFO - [Control仿真] Step 2: 开始处理 64 个用户
2025-08-04 14:30:33 - libs.modes.global_mode - INFO - [Control仿真] Step 2: 处理了 64 个用户
2025-08-04 14:30:33 - libs.utils.metrics - INFO - [训练 Step 2] step_play_time_T: 1220562.000000, step_play_time_C: 1237132.000000, total_play_time_T: 3073004.000000, total_play_time_C: 3357970.000000, step_click_T: 26.000000, step_click_C: 26.000000, total_click_T: 56.000000, total_click_C: 55.000000, step: 2.000000
2025-08-04 14:30:33 - libs.modes.global_mode - INFO - [Global仿真] ===== Step 3/200 =====
2025-08-04 14:30:33 - libs.modes.global_mode - INFO - [GT流程] 开始Treatment组仿真...
2025-08-04 14:30:33 - libs.modes.global_mode - INFO - [Treatment仿真] Step 3: 开始处理 64 个用户
2025-08-04 14:31:30 - libs.modes.global_mode - INFO - [Treatment仿真] Step 3: 处理了 64 个用户
2025-08-04 14:31:30 - libs.modes.global_mode - INFO - [GC流程] 开始Control组仿真...
2025-08-04 14:31:30 - libs.modes.global_mode - INFO - [Control仿真] Step 3: 开始处理 64 个用户
2025-08-04 14:32:28 - libs.modes.global_mode - INFO - [Control仿真] Step 3: 处理了 64 个用户
2025-08-04 14:32:28 - libs.utils.metrics - INFO - [训练 Step 3] step_play_time_T: 1124116.000000, step_play_time_C: 1445060.000000, total_play_time_T: 4197120.000000, total_play_time_C: 4803030.000000, step_click_T: 29.000000, step_click_C: 29.000000, total_click_T: 85.000000, total_click_C: 84.000000, step: 3.000000
2025-08-04 14:32:28 - libs.modes.global_mode - INFO - [Global仿真] ===== Step 4/200 =====
2025-08-04 14:32:28 - libs.modes.global_mode - INFO - [GT流程] 开始Treatment组仿真...
2025-08-04 14:32:28 - libs.modes.global_mode - INFO - [Treatment仿真] Step 4: 开始处理 64 个用户
2025-08-04 14:33:23 - libs.modes.global_mode - INFO - [Treatment仿真] Step 4: 处理了 64 个用户
2025-08-04 14:33:23 - libs.modes.global_mode - INFO - [GC流程] 开始Control组仿真...
2025-08-04 14:33:23 - libs.modes.global_mode - INFO - [Control仿真] Step 4: 开始处理 64 个用户
2025-08-04 14:34:18 - libs.modes.global_mode - INFO - [Control仿真] Step 4: 处理了 64 个用户
2025-08-04 14:34:18 - libs.utils.metrics - INFO - [训练 Step 4] step_play_time_T: 1432740.000000, step_play_time_C: 1132485.000000, total_play_time_T: 5629860.000000, total_play_time_C: 5935515.000000, step_click_T: 28.000000, step_click_C: 27.000000, total_click_T: 113.000000, total_click_C: 111.000000, step: 4.000000
2025-08-04 14:34:18 - libs.modes.global_mode - INFO - [Global仿真] ===== Step 5/200 =====
2025-08-04 14:34:18 - libs.modes.global_mode - INFO - [GT流程] 开始Treatment组仿真...
2025-08-04 14:34:18 - libs.modes.global_mode - INFO - [Treatment仿真] Step 5: 开始处理 64 个用户
2025-08-04 14:35:16 - libs.modes.global_mode - INFO - [Treatment仿真] Step 5: 处理了 64 个用户
2025-08-04 14:35:16 - libs.modes.global_mode - INFO - [GC流程] 开始Control组仿真...
2025-08-04 14:35:16 - libs.modes.global_mode - INFO - [Control仿真] Step 5: 开始处理 64 个用户
2025-08-04 14:36:15 - libs.modes.global_mode - INFO - [Control仿真] Step 5: 处理了 64 个用户
2025-08-04 14:36:15 - libs.utils.metrics - INFO - [训练 Step 5] step_play_time_T: 886702.000000, step_play_time_C: 908430.000000, total_play_time_T: 6516562.000000, total_play_time_C: 6843945.000000, step_click_T: 24.000000, step_click_C: 22.000000, total_click_T: 137.000000, total_click_C: 133.000000, step: 5.000000
2025-08-04 14:36:15 - libs.modes.global_mode - INFO - [Global仿真] ===== Step 6/200 =====
2025-08-04 14:36:15 - libs.modes.global_mode - INFO - [GT流程] 开始Treatment组仿真...
2025-08-04 14:36:15 - libs.modes.global_mode - INFO - [Treatment仿真] Step 6: 开始处理 64 个用户
2025-08-04 14:37:11 - libs.modes.global_mode - INFO - [Treatment仿真] Step 6: 处理了 64 个用户
2025-08-04 14:37:11 - libs.modes.global_mode - INFO - [GC流程] 开始Control组仿真...
2025-08-04 14:37:11 - libs.modes.global_mode - INFO - [Control仿真] Step 6: 开始处理 64 个用户
2025-08-04 14:38:07 - libs.modes.global_mode - INFO - [Control仿真] Step 6: 处理了 64 个用户
2025-08-04 14:38:07 - libs.utils.metrics - INFO - [训练 Step 6] step_play_time_T: 1253971.000000, step_play_time_C: 1323009.000000, total_play_time_T: 7770533.000000, total_play_time_C: 8166954.000000, step_click_T: 28.000000, step_click_C: 23.000000, total_click_T: 165.000000, total_click_C: 156.000000, step: 6.000000
2025-08-04 14:38:07 - libs.modes.global_mode - INFO - [Global仿真] ===== Step 7/200 =====
2025-08-04 14:38:07 - libs.modes.global_mode - INFO - [GT流程] 开始Treatment组仿真...
2025-08-04 14:38:07 - libs.modes.global_mode - INFO - [Treatment仿真] Step 7: 开始处理 64 个用户
2025-08-04 14:38:59 - libs.modes.global_mode - INFO - [Treatment仿真] Step 7: 处理了 64 个用户
2025-08-04 14:38:59 - libs.modes.global_mode - INFO - [GC流程] 开始Control组仿真...
2025-08-04 14:38:59 - libs.modes.global_mode - INFO - [Control仿真] Step 7: 开始处理 64 个用户
2025-08-04 14:39:52 - libs.modes.global_mode - INFO - [Control仿真] Step 7: 处理了 64 个用户
2025-08-04 14:39:52 - libs.utils.metrics - INFO - [训练 Step 7] step_play_time_T: 1531683.000000, step_play_time_C: 1824346.000000, total_play_time_T: 9302216.000000, total_play_time_C: 9991300.000000, step_click_T: 25.000000, step_click_C: 27.000000, total_click_T: 190.000000, total_click_C: 183.000000, step: 7.000000
2025-08-04 14:39:52 - libs.modes.global_mode - INFO - [Global仿真] ===== Step 8/200 =====
2025-08-04 14:39:52 - libs.modes.global_mode - INFO - [GT流程] 开始Treatment组仿真...
2025-08-04 14:39:52 - libs.modes.global_mode - INFO - [Treatment仿真] Step 8: 开始处理 64 个用户
2025-08-04 14:40:43 - libs.modes.global_mode - INFO - [Treatment仿真] Step 8: 处理了 64 个用户
2025-08-04 14:40:43 - libs.modes.global_mode - INFO - [GC流程] 开始Control组仿真...
2025-08-04 14:40:43 - libs.modes.global_mode - INFO - [Control仿真] Step 8: 开始处理 64 个用户
2025-08-04 14:41:34 - libs.modes.global_mode - INFO - [Control仿真] Step 8: 处理了 64 个用户
2025-08-04 14:41:34 - libs.utils.metrics - INFO - [训练 Step 8] step_play_time_T: 997567.000000, step_play_time_C: 1216630.000000, total_play_time_T: 10299783.000000, total_play_time_C: 11207930.000000, step_click_T: 21.000000, step_click_C: 26.000000, total_click_T: 211.000000, total_click_C: 209.000000, step: 8.000000
2025-08-04 14:41:34 - libs.modes.global_mode - INFO - [Global仿真] ===== Step 9/200 =====
2025-08-04 14:41:34 - libs.modes.global_mode - INFO - [GT流程] 开始Treatment组仿真...
2025-08-04 14:41:34 - libs.modes.global_mode - INFO - [Treatment仿真] Step 9: 开始处理 64 个用户
2025-08-04 14:42:34 - libs.modes.global_mode - INFO - [Treatment仿真] Step 9: 处理了 64 个用户
2025-08-04 14:42:34 - libs.modes.global_mode - INFO - [GC流程] 开始Control组仿真...
2025-08-04 14:42:34 - libs.modes.global_mode - INFO - [Control仿真] Step 9: 开始处理 64 个用户
2025-08-04 14:43:35 - libs.modes.global_mode - INFO - [Control仿真] Step 9: 处理了 64 个用户
2025-08-04 14:43:35 - libs.utils.metrics - INFO - [训练 Step 9] step_play_time_T: 683074.000000, step_play_time_C: 1450271.000000, total_play_time_T: 10982857.000000, total_play_time_C: 12658201.000000, step_click_T: 21.000000, step_click_C: 20.000000, total_click_T: 232.000000, total_click_C: 229.000000, step: 9.000000
2025-08-04 14:43:35 - libs.modes.global_mode - INFO - [Global仿真] ===== Step 10/200 =====
2025-08-04 14:43:35 - libs.modes.global_mode - INFO - [GT流程] 开始Treatment组仿真...
2025-08-04 14:43:35 - libs.modes.global_mode - INFO - [Treatment仿真] Step 10: 开始处理 64 个用户
2025-08-04 14:44:34 - libs.modes.global_mode - INFO - [Treatment仿真] Step 10: 处理了 64 个用户
2025-08-04 14:44:34 - libs.modes.global_mode - INFO - [GC流程] 开始Control组仿真...
2025-08-04 14:44:34 - libs.modes.global_mode - INFO - [Control仿真] Step 10: 开始处理 64 个用户
2025-08-04 14:45:32 - libs.modes.global_mode - INFO - [Control仿真] Step 10: 处理了 64 个用户
2025-08-04 14:45:32 - libs.utils.metrics - INFO - [训练 Step 10] step_play_time_T: 1904584.000000, step_play_time_C: 1099519.000000, total_play_time_T: 12887441.000000, total_play_time_C: 13757720.000000, step_click_T: 27.000000, step_click_C: 26.000000, total_click_T: 259.000000, total_click_C: 255.000000, step: 10.000000
2025-08-04 14:45:32 - libs.modes.global_mode - INFO - [Global仿真] ===== Step 11/200 =====
2025-08-04 14:45:32 - libs.modes.global_mode - INFO - [GT流程] 开始Treatment组仿真...
2025-08-04 14:45:32 - libs.modes.global_mode - INFO - [Treatment仿真] Step 11: 开始处理 64 个用户
2025-08-04 14:46:30 - libs.modes.global_mode - INFO - [Treatment仿真] Step 11: 处理了 64 个用户
2025-08-04 14:46:30 - libs.modes.global_mode - INFO - [GC流程] 开始Control组仿真...
2025-08-04 14:46:30 - libs.modes.global_mode - INFO - [Control仿真] Step 11: 开始处理 64 个用户
2025-08-04 14:47:27 - libs.modes.global_mode - INFO - [Control仿真] Step 11: 处理了 64 个用户
2025-08-04 14:47:27 - libs.utils.metrics - INFO - [训练 Step 11] step_play_time_T: 511054.000000, step_play_time_C: 1123109.000000, total_play_time_T: 13398495.000000, total_play_time_C: 14880829.000000, step_click_T: 20.000000, step_click_C: 23.000000, total_click_T: 279.000000, total_click_C: 278.000000, step: 11.000000
2025-08-04 14:47:27 - libs.modes.global_mode - INFO - [Global仿真] ===== Step 12/200 =====
2025-08-04 14:47:27 - libs.modes.global_mode - INFO - [GT流程] 开始Treatment组仿真...
2025-08-04 14:47:27 - libs.modes.global_mode - INFO - [Treatment仿真] Step 12: 开始处理 64 个用户
2025-08-04 14:48:21 - libs.modes.global_mode - INFO - [Treatment仿真] Step 12: 处理了 64 个用户
2025-08-04 14:48:21 - libs.modes.global_mode - INFO - [GC流程] 开始Control组仿真...
2025-08-04 14:48:21 - libs.modes.global_mode - INFO - [Control仿真] Step 12: 开始处理 64 个用户
2025-08-04 14:49:15 - libs.modes.global_mode - INFO - [Control仿真] Step 12: 处理了 64 个用户
2025-08-04 14:49:15 - libs.utils.metrics - INFO - [训练 Step 12] step_play_time_T: 869326.000000, step_play_time_C: 793348.000000, total_play_time_T: 14267821.000000, total_play_time_C: 15674177.000000, step_click_T: 19.000000, step_click_C: 18.000000, total_click_T: 298.000000, total_click_C: 296.000000, step: 12.000000
2025-08-04 14:49:15 - libs.modes.global_mode - INFO - [Global仿真] ===== Step 13/200 =====
2025-08-04 14:49:15 - libs.modes.global_mode - INFO - [GT流程] 开始Treatment组仿真...
2025-08-04 14:49:15 - libs.modes.global_mode - INFO - [Treatment仿真] Step 13: 开始处理 64 个用户
2025-08-04 14:50:06 - libs.modes.global_mode - INFO - [Treatment仿真] Step 13: 处理了 64 个用户
2025-08-04 14:50:06 - libs.modes.global_mode - INFO - [GC流程] 开始Control组仿真...
2025-08-04 14:50:06 - libs.modes.global_mode - INFO - [Control仿真] Step 13: 开始处理 64 个用户
2025-08-04 14:50:57 - libs.modes.global_mode - INFO - [Control仿真] Step 13: 处理了 64 个用户
2025-08-04 14:50:57 - libs.utils.metrics - INFO - [训练 Step 13] step_play_time_T: 1120397.000000, step_play_time_C: 1246215.000000, total_play_time_T: 15388218.000000, total_play_time_C: 16920392.000000, step_click_T: 20.000000, step_click_C: 23.000000, total_click_T: 318.000000, total_click_C: 319.000000, step: 13.000000
2025-08-04 14:50:57 - libs.modes.global_mode - INFO - [Global仿真] ===== Step 14/200 =====
2025-08-04 14:50:57 - libs.modes.global_mode - INFO - [GT流程] 开始Treatment组仿真...
2025-08-04 14:50:57 - libs.modes.global_mode - INFO - [Treatment仿真] Step 14: 开始处理 64 个用户
2025-08-04 14:51:52 - libs.modes.global_mode - INFO - [Treatment仿真] Step 14: 处理了 64 个用户
2025-08-04 14:51:52 - libs.modes.global_mode - INFO - [GC流程] 开始Control组仿真...
2025-08-04 14:51:52 - libs.modes.global_mode - INFO - [Control仿真] Step 14: 开始处理 64 个用户
2025-08-04 14:52:48 - libs.modes.global_mode - INFO - [Control仿真] Step 14: 处理了 64 个用户
2025-08-04 14:52:48 - libs.utils.metrics - INFO - [训练 Step 14] step_play_time_T: 662852.000000, step_play_time_C: 1279884.000000, total_play_time_T: 16051070.000000, total_play_time_C: 18200276.000000, step_click_T: 21.000000, step_click_C: 20.000000, total_click_T: 339.000000, total_click_C: 339.000000, step: 14.000000
2025-08-04 14:52:48 - libs.modes.global_mode - INFO - [Global仿真] ===== Step 15/200 =====
2025-08-04 14:52:48 - libs.modes.global_mode - INFO - [GT流程] 开始Treatment组仿真...
2025-08-04 14:52:48 - libs.modes.global_mode - INFO - [Treatment仿真] Step 15: 开始处理 64 个用户
2025-08-04 14:53:46 - libs.modes.global_mode - INFO - [Treatment仿真] Step 15: 处理了 64 个用户
2025-08-04 14:53:46 - libs.modes.global_mode - INFO - [GC流程] 开始Control组仿真...
2025-08-04 14:53:46 - libs.modes.global_mode - INFO - [Control仿真] Step 15: 开始处理 64 个用户
2025-08-04 14:54:43 - libs.modes.global_mode - INFO - [Control仿真] Step 15: 处理了 64 个用户
2025-08-04 14:54:43 - libs.utils.metrics - INFO - [训练 Step 15] step_play_time_T: 896509.000000, step_play_time_C: 1002453.000000, total_play_time_T: 16947579.000000, total_play_time_C: 19202729.000000, step_click_T: 23.000000, step_click_C: 20.000000, total_click_T: 362.000000, total_click_C: 359.000000, step: 15.000000
2025-08-04 14:54:43 - libs.modes.global_mode - INFO - [Global仿真] ===== Step 16/200 =====
2025-08-04 14:54:43 - libs.modes.global_mode - INFO - [GT流程] 开始Treatment组仿真...
2025-08-04 14:54:43 - libs.modes.global_mode - INFO - [Treatment仿真] Step 16: 开始处理 64 个用户
2025-08-04 14:55:44 - libs.modes.global_mode - INFO - [Treatment仿真] Step 16: 处理了 64 个用户
2025-08-04 14:55:44 - libs.modes.global_mode - INFO - [GC流程] 开始Control组仿真...
2025-08-04 14:55:44 - libs.modes.global_mode - INFO - [Control仿真] Step 16: 开始处理 64 个用户
2025-08-04 14:56:44 - libs.modes.global_mode - INFO - [Control仿真] Step 16: 处理了 64 个用户
2025-08-04 14:56:44 - libs.utils.metrics - INFO - [训练 Step 16] step_play_time_T: 968678.000000, step_play_time_C: 720288.000000, total_play_time_T: 17916257.000000, total_play_time_C: 19923017.000000, step_click_T: 26.000000, step_click_C: 18.000000, total_click_T: 388.000000, total_click_C: 377.000000, step: 16.000000
2025-08-04 14:56:44 - libs.modes.global_mode - INFO - [Global仿真] ===== Step 17/200 =====
2025-08-04 14:56:44 - libs.modes.global_mode - INFO - [GT流程] 开始Treatment组仿真...
2025-08-04 14:56:44 - libs.modes.global_mode - INFO - [Treatment仿真] Step 17: 开始处理 64 个用户
2025-08-04 14:57:38 - libs.modes.global_mode - INFO - [Treatment仿真] Step 17: 处理了 64 个用户
2025-08-04 14:57:38 - libs.modes.global_mode - INFO - [GC流程] 开始Control组仿真...
2025-08-04 14:57:38 - libs.modes.global_mode - INFO - [Control仿真] Step 17: 开始处理 64 个用户
2025-08-04 14:58:32 - libs.modes.global_mode - INFO - [Control仿真] Step 17: 处理了 64 个用户
2025-08-04 14:58:32 - libs.utils.metrics - INFO - [训练 Step 17] step_play_time_T: 1026470.000000, step_play_time_C: 1217516.000000, total_play_time_T: 18942727.000000, total_play_time_C: 21140533.000000, step_click_T: 18.000000, step_click_C: 21.000000, total_click_T: 406.000000, total_click_C: 398.000000, step: 17.000000
2025-08-04 14:58:32 - libs.modes.global_mode - INFO - [Global仿真] ===== Step 18/200 =====
2025-08-04 14:58:32 - libs.modes.global_mode - INFO - [GT流程] 开始Treatment组仿真...
2025-08-04 14:58:32 - libs.modes.global_mode - INFO - [Treatment仿真] Step 18: 开始处理 64 个用户
2025-08-04 14:59:25 - libs.modes.global_mode - INFO - [Treatment仿真] Step 18: 处理了 64 个用户
2025-08-04 14:59:25 - libs.modes.global_mode - INFO - [GC流程] 开始Control组仿真...
2025-08-04 14:59:25 - libs.modes.global_mode - INFO - [Control仿真] Step 18: 开始处理 64 个用户
2025-08-04 15:00:19 - libs.modes.global_mode - INFO - [Control仿真] Step 18: 处理了 64 个用户
2025-08-04 15:00:19 - libs.utils.metrics - INFO - [训练 Step 18] step_play_time_T: 994065.000000, step_play_time_C: 777902.000000, total_play_time_T: 19936792.000000, total_play_time_C: 21918435.000000, step_click_T: 16.000000, step_click_C: 21.000000, total_click_T: 422.000000, total_click_C: 419.000000, step: 18.000000
2025-08-04 15:00:19 - libs.modes.global_mode - INFO - [Global仿真] ===== Step 19/200 =====
2025-08-04 15:00:19 - libs.modes.global_mode - INFO - [GT流程] 开始Treatment组仿真...
2025-08-04 15:00:19 - libs.modes.global_mode - INFO - [Treatment仿真] Step 19: 开始处理 64 个用户
2025-08-04 15:01:10 - libs.modes.global_mode - INFO - [Treatment仿真] Step 19: 处理了 64 个用户
2025-08-04 15:01:10 - libs.modes.global_mode - INFO - [GC流程] 开始Control组仿真...
2025-08-04 15:01:10 - libs.modes.global_mode - INFO - [Control仿真] Step 19: 开始处理 64 个用户
2025-08-04 15:02:01 - libs.modes.global_mode - INFO - [Control仿真] Step 19: 处理了 64 个用户
2025-08-04 15:02:01 - libs.utils.metrics - INFO - [训练 Step 19] step_play_time_T: 1185089.000000, step_play_time_C: 390323.000000, total_play_time_T: 21121881.000000, total_play_time_C: 22308758.000000, step_click_T: 19.000000, step_click_C: 15.000000, total_click_T: 441.000000, total_click_C: 434.000000, step: 19.000000
2025-08-04 15:02:01 - libs.modes.global_mode - INFO - [Global仿真] ===== Step 20/200 =====
2025-08-04 15:02:01 - libs.modes.global_mode - INFO - [GT流程] 开始Treatment组仿真...
2025-08-04 15:02:01 - libs.modes.global_mode - INFO - [Treatment仿真] Step 20: 开始处理 64 个用户
2025-08-04 15:02:55 - libs.modes.global_mode - INFO - [Treatment仿真] Step 20: 处理了 64 个用户
2025-08-04 15:02:55 - libs.modes.global_mode - INFO - [GC流程] 开始Control组仿真...
2025-08-04 15:02:55 - libs.modes.global_mode - INFO - [Control仿真] Step 20: 开始处理 64 个用户
2025-08-04 15:03:49 - libs.modes.global_mode - INFO - [Control仿真] Step 20: 处理了 64 个用户
2025-08-04 15:03:49 - libs.utils.metrics - INFO - [训练 Step 20] step_play_time_T: 1134515.000000, step_play_time_C: 731951.000000, total_play_time_T: 22256396.000000, total_play_time_C: 23040709.000000, step_click_T: 24.000000, step_click_C: 13.000000, total_click_T: 465.000000, total_click_C: 447.000000, step: 20.000000
2025-08-04 15:03:49 - libs.modes.global_mode - INFO - [Global仿真] ===== Step 21/200 =====
2025-08-04 15:03:49 - libs.modes.global_mode - INFO - [GT流程] 开始Treatment组仿真...
2025-08-04 15:03:49 - libs.modes.global_mode - INFO - [Treatment仿真] Step 21: 开始处理 64 个用户
2025-08-04 15:04:54 - libs.modes.global_mode - INFO - [Treatment仿真] Step 21: 处理了 64 个用户
2025-08-04 15:04:54 - libs.modes.global_mode - INFO - [GC流程] 开始Control组仿真...
2025-08-04 15:04:54 - libs.modes.global_mode - INFO - [Control仿真] Step 21: 开始处理 64 个用户
2025-08-04 15:05:59 - libs.modes.global_mode - INFO - [Control仿真] Step 21: 处理了 64 个用户
2025-08-04 15:05:59 - libs.utils.metrics - INFO - [训练 Step 21] step_play_time_T: 979311.000000, step_play_time_C: 747992.000000, total_play_time_T: 23235707.000000, total_play_time_C: 23788701.000000, step_click_T: 26.000000, step_click_C: 15.000000, total_click_T: 491.000000, total_click_C: 462.000000, step: 21.000000
2025-08-04 15:05:59 - libs.modes.global_mode - INFO - [Global仿真] ===== Step 22/200 =====
2025-08-04 15:05:59 - libs.modes.global_mode - INFO - [GT流程] 开始Treatment组仿真...
2025-08-04 15:05:59 - libs.modes.global_mode - INFO - [Treatment仿真] Step 22: 开始处理 64 个用户
2025-08-04 15:07:06 - libs.modes.global_mode - INFO - [Treatment仿真] Step 22: 处理了 64 个用户
2025-08-04 15:07:06 - libs.modes.global_mode - INFO - [GC流程] 开始Control组仿真...
2025-08-04 15:07:06 - libs.modes.global_mode - INFO - [Control仿真] Step 22: 开始处理 64 个用户
2025-08-04 15:08:12 - libs.modes.global_mode - INFO - [Control仿真] Step 22: 处理了 64 个用户
2025-08-04 15:08:12 - libs.utils.metrics - INFO - [训练 Step 22] step_play_time_T: 709457.000000, step_play_time_C: 773028.000000, total_play_time_T: 23945164.000000, total_play_time_C: 24561729.000000, step_click_T: 20.000000, step_click_C: 21.000000, total_click_T: 511.000000, total_click_C: 483.000000, step: 22.000000
2025-08-04 15:08:12 - libs.modes.global_mode - INFO - [Global仿真] ===== Step 23/200 =====
2025-08-04 15:08:12 - libs.modes.global_mode - INFO - [GT流程] 开始Treatment组仿真...
2025-08-04 15:08:12 - libs.modes.global_mode - INFO - [Treatment仿真] Step 23: 开始处理 64 个用户
2025-08-04 15:09:13 - libs.modes.global_mode - INFO - [Treatment仿真] Step 23: 处理了 64 个用户
2025-08-04 15:09:13 - libs.modes.global_mode - INFO - [GC流程] 开始Control组仿真...
2025-08-04 15:09:13 - libs.modes.global_mode - INFO - [Control仿真] Step 23: 开始处理 64 个用户
2025-08-04 15:10:15 - libs.modes.global_mode - INFO - [Control仿真] Step 23: 处理了 64 个用户
2025-08-04 15:10:15 - libs.utils.metrics - INFO - [训练 Step 23] step_play_time_T: 1157853.000000, step_play_time_C: 712210.000000, total_play_time_T: 25103017.000000, total_play_time_C: 25273939.000000, step_click_T: 18.000000, step_click_C: 16.000000, total_click_T: 529.000000, total_click_C: 499.000000, step: 23.000000
2025-08-04 15:10:15 - libs.modes.global_mode - INFO - [Global仿真] ===== Step 24/200 =====
2025-08-04 15:10:15 - libs.modes.global_mode - INFO - [GT流程] 开始Treatment组仿真...
2025-08-04 15:10:15 - libs.modes.global_mode - INFO - [Treatment仿真] Step 24: 开始处理 64 个用户
2025-08-04 15:11:10 - libs.modes.global_mode - INFO - [Treatment仿真] Step 24: 处理了 64 个用户
2025-08-04 15:11:10 - libs.modes.global_mode - INFO - [GC流程] 开始Control组仿真...
2025-08-04 15:11:10 - libs.modes.global_mode - INFO - [Control仿真] Step 24: 开始处理 64 个用户
2025-08-04 15:12:04 - libs.modes.global_mode - INFO - [Control仿真] Step 24: 处理了 64 个用户
2025-08-04 15:12:04 - libs.utils.metrics - INFO - [训练 Step 24] step_play_time_T: 601553.000000, step_play_time_C: 707246.000000, total_play_time_T: 25704570.000000, total_play_time_C: 25981185.000000, step_click_T: 13.000000, step_click_C: 14.000000, total_click_T: 542.000000, total_click_C: 513.000000, step: 24.000000
2025-08-04 15:12:04 - libs.modes.global_mode - INFO - [Global仿真] ===== Step 25/200 =====
2025-08-04 15:12:04 - libs.modes.global_mode - INFO - [GT流程] 开始Treatment组仿真...
2025-08-04 15:12:04 - libs.modes.global_mode - INFO - [Treatment仿真] Step 25: 开始处理 64 个用户
2025-08-04 15:13:08 - libs.modes.global_mode - INFO - [Treatment仿真] Step 25: 处理了 64 个用户
2025-08-04 15:13:08 - libs.modes.global_mode - INFO - [GC流程] 开始Control组仿真...
2025-08-04 15:13:08 - libs.modes.global_mode - INFO - [Control仿真] Step 25: 开始处理 64 个用户
2025-08-04 15:14:11 - libs.modes.global_mode - INFO - [Control仿真] Step 25: 处理了 64 个用户
2025-08-04 15:14:11 - libs.utils.metrics - INFO - [训练 Step 25] step_play_time_T: 906689.000000, step_play_time_C: 659790.000000, total_play_time_T: 26611259.000000, total_play_time_C: 26640975.000000, step_click_T: 17.000000, step_click_C: 17.000000, total_click_T: 559.000000, total_click_C: 530.000000, step: 25.000000
2025-08-04 15:14:11 - libs.modes.global_mode - INFO - [验证] Step 25: 开始验证
2025-08-04 15:14:34 - libs.utils.metrics - INFO - [验证] val_play_time_loss: 3.071245, val_click_loss: 0.913118, step: 25.000000
2025-08-04 15:14:34 - libs.modes.global_mode - INFO - [Global仿真] ===== Step 26/200 =====
2025-08-04 15:14:34 - libs.modes.global_mode - INFO - [GT流程] 开始Treatment组仿真...
2025-08-04 15:14:34 - libs.modes.global_mode - INFO - [Treatment仿真] Step 26: 开始处理 64 个用户
2025-08-04 15:15:34 - libs.modes.global_mode - INFO - [Treatment仿真] Step 26: 处理了 64 个用户
2025-08-04 15:15:34 - libs.modes.global_mode - INFO - [GC流程] 开始Control组仿真...
2025-08-04 15:15:34 - libs.modes.global_mode - INFO - [Control仿真] Step 26: 开始处理 64 个用户
2025-08-04 15:16:33 - libs.modes.global_mode - INFO - [Control仿真] Step 26: 处理了 64 个用户
2025-08-04 15:16:33 - libs.utils.metrics - INFO - [训练 Step 26] step_play_time_T: 627140.000000, step_play_time_C: 386641.000000, total_play_time_T: 27238399.000000, total_play_time_C: 27027616.000000, step_click_T: 14.000000, step_click_C: 15.000000, total_click_T: 573.000000, total_click_C: 545.000000, step: 26.000000
2025-08-04 15:16:33 - libs.modes.global_mode - INFO - [Global仿真] ===== Step 27/200 =====
2025-08-04 15:16:33 - libs.modes.global_mode - INFO - [GT流程] 开始Treatment组仿真...
2025-08-04 15:16:33 - libs.modes.global_mode - INFO - [Treatment仿真] Step 27: 开始处理 64 个用户
2025-08-04 15:17:37 - libs.modes.global_mode - INFO - [Treatment仿真] Step 27: 处理了 64 个用户
2025-08-04 15:17:37 - libs.modes.global_mode - INFO - [GC流程] 开始Control组仿真...
2025-08-04 15:17:37 - libs.modes.global_mode - INFO - [Control仿真] Step 27: 开始处理 64 个用户
2025-08-04 15:18:40 - libs.modes.global_mode - INFO - [Control仿真] Step 27: 处理了 64 个用户
2025-08-04 15:18:40 - libs.utils.metrics - INFO - [训练 Step 27] step_play_time_T: 638168.000000, step_play_time_C: 664326.000000, total_play_time_T: 27876567.000000, total_play_time_C: 27691942.000000, step_click_T: 20.000000, step_click_C: 21.000000, total_click_T: 593.000000, total_click_C: 566.000000, step: 27.000000
2025-08-04 15:18:40 - libs.modes.global_mode - INFO - [Global仿真] ===== Step 28/200 =====
2025-08-04 15:18:40 - libs.modes.global_mode - INFO - [GT流程] 开始Treatment组仿真...
2025-08-04 15:18:40 - libs.modes.global_mode - INFO - [Treatment仿真] Step 28: 开始处理 64 个用户
2025-08-04 15:19:39 - libs.modes.global_mode - INFO - [Treatment仿真] Step 28: 处理了 64 个用户
2025-08-04 15:19:39 - libs.modes.global_mode - INFO - [GC流程] 开始Control组仿真...
2025-08-04 15:19:39 - libs.modes.global_mode - INFO - [Control仿真] Step 28: 开始处理 64 个用户
2025-08-04 15:20:38 - libs.modes.global_mode - INFO - [Control仿真] Step 28: 处理了 64 个用户
2025-08-04 15:20:38 - libs.utils.metrics - INFO - [训练 Step 28] step_play_time_T: 1021472.000000, step_play_time_C: 478555.000000, total_play_time_T: 28898039.000000, total_play_time_C: 28170497.000000, step_click_T: 24.000000, step_click_C: 15.000000, total_click_T: 617.000000, total_click_C: 581.000000, step: 28.000000
2025-08-04 15:20:38 - libs.modes.global_mode - INFO - [Global仿真] ===== Step 29/200 =====
2025-08-04 15:20:38 - libs.modes.global_mode - INFO - [GT流程] 开始Treatment组仿真...
2025-08-04 15:20:38 - libs.modes.global_mode - INFO - [Treatment仿真] Step 29: 开始处理 64 个用户
2025-08-04 15:21:35 - libs.modes.global_mode - INFO - [Treatment仿真] Step 29: 处理了 64 个用户
2025-08-04 15:21:35 - libs.modes.global_mode - INFO - [GC流程] 开始Control组仿真...
2025-08-04 15:21:35 - libs.modes.global_mode - INFO - [Control仿真] Step 29: 开始处理 64 个用户
2025-08-04 15:22:32 - libs.modes.global_mode - INFO - [Control仿真] Step 29: 处理了 64 个用户
2025-08-04 15:22:32 - libs.utils.metrics - INFO - [训练 Step 29] step_play_time_T: 579210.000000, step_play_time_C: 363562.000000, total_play_time_T: 29477249.000000, total_play_time_C: 28534059.000000, step_click_T: 18.000000, step_click_C: 12.000000, total_click_T: 635.000000, total_click_C: 593.000000, step: 29.000000
2025-08-04 15:22:32 - libs.modes.global_mode - INFO - [Global仿真] ===== Step 30/200 =====
2025-08-04 15:22:32 - libs.modes.global_mode - INFO - [GT流程] 开始Treatment组仿真...
2025-08-04 15:22:32 - libs.modes.global_mode - INFO - [Treatment仿真] Step 30: 开始处理 64 个用户
2025-08-04 15:23:34 - libs.modes.global_mode - INFO - [Treatment仿真] Step 30: 处理了 64 个用户
2025-08-04 15:23:34 - libs.modes.global_mode - INFO - [GC流程] 开始Control组仿真...
2025-08-04 15:23:34 - libs.modes.global_mode - INFO - [Control仿真] Step 30: 开始处理 64 个用户
2025-08-04 15:24:36 - libs.modes.global_mode - INFO - [Control仿真] Step 30: 处理了 64 个用户
2025-08-04 15:24:36 - libs.utils.metrics - INFO - [训练 Step 30] step_play_time_T: 894252.000000, step_play_time_C: 614496.000000, total_play_time_T: 30371501.000000, total_play_time_C: 29148555.000000, step_click_T: 14.000000, step_click_C: 17.000000, total_click_T: 649.000000, total_click_C: 610.000000, step: 30.000000
2025-08-04 15:24:36 - libs.modes.global_mode - INFO - [Global仿真] ===== Step 31/200 =====
2025-08-04 15:24:36 - libs.modes.global_mode - INFO - [GT流程] 开始Treatment组仿真...
2025-08-04 15:24:36 - libs.modes.global_mode - INFO - [Treatment仿真] Step 31: 开始处理 64 个用户
2025-08-04 15:25:32 - libs.modes.global_mode - INFO - [Treatment仿真] Step 31: 处理了 64 个用户
2025-08-04 15:25:32 - libs.modes.global_mode - INFO - [GC流程] 开始Control组仿真...
2025-08-04 15:25:32 - libs.modes.global_mode - INFO - [Control仿真] Step 31: 开始处理 64 个用户
2025-08-04 15:26:26 - libs.modes.global_mode - INFO - [Control仿真] Step 31: 处理了 64 个用户
2025-08-04 15:26:26 - libs.utils.metrics - INFO - [训练 Step 31] step_play_time_T: 761283.000000, step_play_time_C: 904983.000000, total_play_time_T: 31132784.000000, total_play_time_C: 30053538.000000, step_click_T: 16.000000, step_click_C: 16.000000, total_click_T: 665.000000, total_click_C: 626.000000, step: 31.000000
2025-08-04 15:26:26 - libs.modes.global_mode - INFO - [Global仿真] ===== Step 32/200 =====
2025-08-04 15:26:26 - libs.modes.global_mode - INFO - [GT流程] 开始Treatment组仿真...
2025-08-04 15:26:26 - libs.modes.global_mode - INFO - [Treatment仿真] Step 32: 开始处理 64 个用户
2025-08-04 15:27:18 - libs.modes.global_mode - INFO - [Treatment仿真] Step 32: 处理了 64 个用户
2025-08-04 15:27:18 - libs.modes.global_mode - INFO - [GC流程] 开始Control组仿真...
2025-08-04 15:27:18 - libs.modes.global_mode - INFO - [Control仿真] Step 32: 开始处理 64 个用户
2025-08-04 15:28:10 - libs.modes.global_mode - INFO - [Control仿真] Step 32: 处理了 64 个用户
2025-08-04 15:28:10 - libs.utils.metrics - INFO - [训练 Step 32] step_play_time_T: 1045063.000000, step_play_time_C: 545930.000000, total_play_time_T: 32177847.000000, total_play_time_C: 30599468.000000, step_click_T: 15.000000, step_click_C: 9.000000, total_click_T: 680.000000, total_click_C: 635.000000, step: 32.000000
2025-08-04 15:28:10 - libs.modes.global_mode - INFO - [Global仿真] ===== Step 33/200 =====
2025-08-04 15:28:10 - libs.modes.global_mode - INFO - [GT流程] 开始Treatment组仿真...
2025-08-04 15:28:10 - libs.modes.global_mode - INFO - [Treatment仿真] Step 33: 开始处理 64 个用户
2025-08-04 15:29:07 - libs.modes.global_mode - INFO - [Treatment仿真] Step 33: 处理了 64 个用户
2025-08-04 15:29:07 - libs.modes.global_mode - INFO - [GC流程] 开始Control组仿真...
2025-08-04 15:29:07 - libs.modes.global_mode - INFO - [Control仿真] Step 33: 开始处理 64 个用户
2025-08-04 15:30:02 - libs.modes.global_mode - INFO - [Control仿真] Step 33: 处理了 64 个用户
2025-08-04 15:30:02 - libs.utils.metrics - INFO - [训练 Step 33] step_play_time_T: 602672.000000, step_play_time_C: 894724.000000, total_play_time_T: 32780519.000000, total_play_time_C: 31494192.000000, step_click_T: 10.000000, step_click_C: 12.000000, total_click_T: 690.000000, total_click_C: 647.000000, step: 33.000000
2025-08-04 15:30:02 - libs.modes.global_mode - INFO - [Global仿真] ===== Step 34/200 =====
2025-08-04 15:30:02 - libs.modes.global_mode - INFO - [GT流程] 开始Treatment组仿真...
2025-08-04 15:30:02 - libs.modes.global_mode - INFO - [Treatment仿真] Step 34: 开始处理 64 个用户
2025-08-04 15:30:58 - libs.modes.global_mode - INFO - [Treatment仿真] Step 34: 处理了 64 个用户
2025-08-04 15:30:58 - libs.modes.global_mode - INFO - [GC流程] 开始Control组仿真...
2025-08-04 15:30:58 - libs.modes.global_mode - INFO - [Control仿真] Step 34: 开始处理 64 个用户
2025-08-04 15:31:53 - libs.modes.global_mode - INFO - [Control仿真] Step 34: 处理了 64 个用户
2025-08-04 15:31:53 - libs.utils.metrics - INFO - [训练 Step 34] step_play_time_T: 535009.000000, step_play_time_C: 986166.000000, total_play_time_T: 33315528.000000, total_play_time_C: 32480358.000000, step_click_T: 17.000000, step_click_C: 16.000000, total_click_T: 707.000000, total_click_C: 663.000000, step: 34.000000
2025-08-04 15:31:53 - libs.modes.global_mode - INFO - [Global仿真] ===== Step 35/200 =====
2025-08-04 15:31:53 - libs.modes.global_mode - INFO - [GT流程] 开始Treatment组仿真...
2025-08-04 15:31:53 - libs.modes.global_mode - INFO - [Treatment仿真] Step 35: 开始处理 64 个用户
2025-08-04 15:32:45 - libs.modes.global_mode - INFO - [Treatment仿真] Step 35: 处理了 64 个用户
2025-08-04 15:32:45 - libs.modes.global_mode - INFO - [GC流程] 开始Control组仿真...
2025-08-04 15:32:45 - libs.modes.global_mode - INFO - [Control仿真] Step 35: 开始处理 64 个用户
2025-08-04 15:33:36 - libs.modes.global_mode - INFO - [Control仿真] Step 35: 处理了 64 个用户
2025-08-04 15:33:36 - libs.utils.metrics - INFO - [训练 Step 35] step_play_time_T: 739139.000000, step_play_time_C: 915164.000000, total_play_time_T: 34054667.000000, total_play_time_C: 33395522.000000, step_click_T: 16.000000, step_click_C: 13.000000, total_click_T: 723.000000, total_click_C: 676.000000, step: 35.000000
2025-08-04 15:33:36 - libs.modes.global_mode - INFO - [Global仿真] ===== Step 36/200 =====
2025-08-04 15:33:36 - libs.modes.global_mode - INFO - [GT流程] 开始Treatment组仿真...
2025-08-04 15:33:36 - libs.modes.global_mode - INFO - [Treatment仿真] Step 36: 开始处理 64 个用户
2025-08-04 15:34:36 - libs.modes.global_mode - INFO - [Treatment仿真] Step 36: 处理了 64 个用户
2025-08-04 15:34:36 - libs.modes.global_mode - INFO - [GC流程] 开始Control组仿真...
2025-08-04 15:34:36 - libs.modes.global_mode - INFO - [Control仿真] Step 36: 开始处理 64 个用户
2025-08-04 15:35:36 - libs.modes.global_mode - INFO - [Control仿真] Step 36: 处理了 63 个用户
2025-08-04 15:35:36 - libs.utils.metrics - INFO - [训练 Step 36] step_play_time_T: 566497.000000, step_play_time_C: 1006610.000000, total_play_time_T: 34621164.000000, total_play_time_C: 34402132.000000, step_click_T: 11.000000, step_click_C: 17.000000, total_click_T: 734.000000, total_click_C: 693.000000, step: 36.000000
2025-08-04 15:35:36 - libs.modes.global_mode - INFO - [Global仿真] ===== Step 37/200 =====
2025-08-04 15:35:36 - libs.modes.global_mode - INFO - [GT流程] 开始Treatment组仿真...
2025-08-04 15:35:36 - libs.modes.global_mode - INFO - [Treatment仿真] Step 37: 开始处理 64 个用户
2025-08-04 15:36:30 - libs.modes.global_mode - INFO - [Treatment仿真] Step 37: 处理了 64 个用户
2025-08-04 15:36:30 - libs.modes.global_mode - INFO - [GC流程] 开始Control组仿真...
2025-08-04 15:36:30 - libs.modes.global_mode - INFO - [Control仿真] Step 37: 开始处理 64 个用户
2025-08-04 15:37:22 - libs.modes.global_mode - INFO - [Control仿真] Step 37: 处理了 64 个用户
2025-08-04 15:37:22 - libs.utils.metrics - INFO - [训练 Step 37] step_play_time_T: 698070.000000, step_play_time_C: 447428.000000, total_play_time_T: 35319234.000000, total_play_time_C: 34849560.000000, step_click_T: 14.000000, step_click_C: 13.000000, total_click_T: 748.000000, total_click_C: 706.000000, step: 37.000000
2025-08-04 15:37:22 - libs.modes.global_mode - INFO - [Global仿真] ===== Step 38/200 =====
2025-08-04 15:37:22 - libs.modes.global_mode - INFO - [GT流程] 开始Treatment组仿真...
2025-08-04 15:37:22 - libs.modes.global_mode - INFO - [Treatment仿真] Step 38: 开始处理 64 个用户
2025-08-04 15:38:17 - libs.modes.global_mode - INFO - [Treatment仿真] Step 38: 处理了 63 个用户
2025-08-04 15:38:17 - libs.modes.global_mode - INFO - [GC流程] 开始Control组仿真...
2025-08-04 15:38:17 - libs.modes.global_mode - INFO - [Control仿真] Step 38: 开始处理 64 个用户
2025-08-04 15:39:11 - libs.modes.global_mode - INFO - [Control仿真] Step 38: 处理了 63 个用户
2025-08-04 15:39:11 - libs.utils.metrics - INFO - [训练 Step 38] step_play_time_T: 385551.000000, step_play_time_C: 454752.000000, total_play_time_T: 35704785.000000, total_play_time_C: 35304312.000000, step_click_T: 14.000000, step_click_C: 7.000000, total_click_T: 762.000000, total_click_C: 713.000000, step: 38.000000
2025-08-04 15:39:11 - libs.modes.global_mode - INFO - [Global仿真] ===== Step 39/200 =====
2025-08-04 15:39:11 - libs.modes.global_mode - INFO - [GT流程] 开始Treatment组仿真...
2025-08-04 15:39:11 - libs.modes.global_mode - INFO - [Treatment仿真] Step 39: 开始处理 64 个用户
2025-08-04 15:40:04 - libs.modes.global_mode - INFO - [Treatment仿真] Step 39: 处理了 64 个用户
2025-08-04 15:40:04 - libs.modes.global_mode - INFO - [GC流程] 开始Control组仿真...
2025-08-04 15:40:04 - libs.modes.global_mode - INFO - [Control仿真] Step 39: 开始处理 64 个用户
2025-08-04 15:40:55 - libs.modes.global_mode - INFO - [Control仿真] Step 39: 处理了 64 个用户
2025-08-04 15:40:55 - libs.utils.metrics - INFO - [训练 Step 39] step_play_time_T: 259119.000000, step_play_time_C: 600741.000000, total_play_time_T: 35963904.000000, total_play_time_C: 35905053.000000, step_click_T: 9.000000, step_click_C: 14.000000, total_click_T: 771.000000, total_click_C: 727.000000, step: 39.000000
2025-08-04 15:40:55 - libs.modes.global_mode - INFO - [Global仿真] ===== Step 40/200 =====
2025-08-04 15:40:55 - libs.modes.global_mode - INFO - [GT流程] 开始Treatment组仿真...
2025-08-04 15:40:55 - libs.modes.global_mode - INFO - [Treatment仿真] Step 40: 开始处理 64 个用户
2025-08-04 15:41:45 - libs.modes.global_mode - INFO - [Treatment仿真] Step 40: 处理了 64 个用户
2025-08-04 15:41:45 - libs.modes.global_mode - INFO - [GC流程] 开始Control组仿真...
2025-08-04 15:41:45 - libs.modes.global_mode - INFO - [Control仿真] Step 40: 开始处理 64 个用户
2025-08-04 15:42:35 - libs.modes.global_mode - INFO - [Control仿真] Step 40: 处理了 63 个用户
2025-08-04 15:42:35 - libs.utils.metrics - INFO - [训练 Step 40] step_play_time_T: 458635.000000, step_play_time_C: 565173.000000, total_play_time_T: 36422539.000000, total_play_time_C: 36470226.000000, step_click_T: 12.000000, step_click_C: 14.000000, total_click_T: 783.000000, total_click_C: 741.000000, step: 40.000000
2025-08-04 15:42:35 - libs.modes.global_mode - INFO - [Global仿真] ===== Step 41/200 =====
2025-08-04 15:42:35 - libs.modes.global_mode - INFO - [GT流程] 开始Treatment组仿真...
2025-08-04 15:42:35 - libs.modes.global_mode - INFO - [Treatment仿真] Step 41: 开始处理 64 个用户
2025-08-04 15:43:24 - libs.modes.global_mode - INFO - [Treatment仿真] Step 41: 处理了 64 个用户
2025-08-04 15:43:24 - libs.modes.global_mode - INFO - [GC流程] 开始Control组仿真...
2025-08-04 15:43:24 - libs.modes.global_mode - INFO - [Control仿真] Step 41: 开始处理 64 个用户
2025-08-04 15:44:11 - libs.modes.global_mode - INFO - [Control仿真] Step 41: 处理了 64 个用户
2025-08-04 15:44:11 - libs.utils.metrics - INFO - [训练 Step 41] step_play_time_T: 342515.000000, step_play_time_C: 1293279.000000, total_play_time_T: 36765054.000000, total_play_time_C: 37763505.000000, step_click_T: 9.000000, step_click_C: 18.000000, total_click_T: 792.000000, total_click_C: 759.000000, step: 41.000000
2025-08-04 15:44:11 - libs.modes.global_mode - INFO - [Global仿真] ===== Step 42/200 =====
2025-08-04 15:44:11 - libs.modes.global_mode - INFO - [GT流程] 开始Treatment组仿真...
2025-08-04 15:44:11 - libs.modes.global_mode - INFO - [Treatment仿真] Step 42: 开始处理 64 个用户
2025-08-04 15:45:06 - libs.modes.global_mode - INFO - [Treatment仿真] Step 42: 处理了 64 个用户
2025-08-04 15:45:06 - libs.modes.global_mode - INFO - [GC流程] 开始Control组仿真...
2025-08-04 15:45:06 - libs.modes.global_mode - INFO - [Control仿真] Step 42: 开始处理 64 个用户
2025-08-04 15:45:59 - libs.modes.global_mode - INFO - [Control仿真] Step 42: 处理了 63 个用户
2025-08-04 15:45:59 - libs.utils.metrics - INFO - [训练 Step 42] step_play_time_T: 301925.000000, step_play_time_C: 354170.000000, total_play_time_T: 37066979.000000, total_play_time_C: 38117675.000000, step_click_T: 6.000000, step_click_C: 13.000000, total_click_T: 798.000000, total_click_C: 772.000000, step: 42.000000
2025-08-04 15:45:59 - libs.modes.global_mode - INFO - [Global仿真] ===== Step 43/200 =====
2025-08-04 15:45:59 - libs.modes.global_mode - INFO - [GT流程] 开始Treatment组仿真...
2025-08-04 15:45:59 - libs.modes.global_mode - INFO - [Treatment仿真] Step 43: 开始处理 64 个用户
2025-08-04 15:46:50 - libs.modes.global_mode - INFO - [Treatment仿真] Step 43: 处理了 64 个用户
2025-08-04 15:46:50 - libs.modes.global_mode - INFO - [GC流程] 开始Control组仿真...
2025-08-04 15:46:50 - libs.modes.global_mode - INFO - [Control仿真] Step 43: 开始处理 64 个用户
