==========================================
GPU优化实验开始
作业ID: 52047
节点名: gpu01
时间: Sun Aug  3 17:16:57 HKT 2025
==========================================
=== GPU环境检查 ===
Sun Aug  3 17:16:57 2025       
+-----------------------------------------------------------------------------------------+
| NVIDIA-SMI 565.57.01              Driver Version: 565.57.01      CUDA Version: 12.7     |
|-----------------------------------------+------------------------+----------------------+
| GPU  Name                 Persistence-M | Bus-Id          Disp.A | Volatile Uncorr. ECC |
| Fan  Temp   Perf          Pwr:Usage/Cap |           Memory-Usage | GPU-Util  Compute M. |
|                                         |                        |               MIG M. |
|=========================================+========================+======================|
|   0  NVIDIA A30                     On  |   00000000:4A:00.0 Off |                    0 |
| N/A   32C    P0             29W /  165W |       1MiB /  24576MiB |      0%      Default |
|                                         |                        |             Disabled |
+-----------------------------------------+------------------------+----------------------+
                                                                                         
+-----------------------------------------------------------------------------------------+
| Processes:                                                                              |
|  GPU   GI   CI        PID   Type   Process name                              GPU Memory |
|        ID   ID                                                               Usage      |
|=========================================================================================|
|  No running processes found                                                             |
+-----------------------------------------------------------------------------------------+

详细日志文件: results/gpu_run_52047_detailed.log
==========================================
GPU优化实验完成
退出码: 1
详细日志: results/gpu_run_52047_detailed.log
时间: Sun Aug  3 17:17:10 HKT 2025
==========================================
