============================================================
作业开始时间: Sun Aug  3 12:41:46 HKT 2025
作业ID: 52002
节点名称: gpu01
GPU数量: 1
============================================================
加载CUDA模块...
============================================================
CUDA环境检测
============================================================
检查GPU状态...
Sun Aug  3 12:41:47 2025       
+-----------------------------------------------------------------------------------------+
| NVIDIA-SMI 565.57.01              Driver Version: 565.57.01      CUDA Version: 12.7     |
|-----------------------------------------+------------------------+----------------------+
| GPU  Name                 Persistence-M | Bus-Id          Disp.A | Volatile Uncorr. ECC |
| Fan  Temp   Perf          Pwr:Usage/Cap |           Memory-Usage | GPU-Util  Compute M. |
|                                         |                        |               MIG M. |
|=========================================+========================+======================|
|   0  NVIDIA A30                     On  |   00000000:61:00.0 Off |                    0 |
| N/A   32C    P0             29W /  165W |       1MiB /  24576MiB |      0%      Default |
|                                         |                        |             Disabled |
+-----------------------------------------+------------------------+----------------------+
                                                                                         
+-----------------------------------------------------------------------------------------+
| Processes:                                                                              |
|  GPU   GI   CI        PID   Type   Process name                              GPU Memory |
|        ID   ID                                                               Usage      |
|=========================================================================================|
|  No running processes found                                                             |
+-----------------------------------------------------------------------------------------+
✅ GPU检测成功

检查CUDA版本...
nvcc: NVIDIA (R) Cuda compiler driver
Copyright (c) 2005-2024 NVIDIA Corporation
Built on Tue_Feb_27_16:19:38_PST_2024
Cuda compilation tools, release 12.4, V12.4.99
Build cuda_12.4.r12.4/compiler.33961263_0
✅ CUDA工具包可用

检查Python和PyTorch环境...
============================================================
PyTorch和CUDA环境检查
============================================================
Python版本: 3.9.21 (main, Dec  5 2024, 00:00:00) 
[GCC 11.5.0 20240719 (Red Hat 11.5.0-2)]
PyTorch版本: 2.7.1+cu126
NumPy版本: 2.0.2

CUDA可用: True
CUDA版本: 12.6
cuDNN版本: 90501
GPU数量: 1
GPU 0: NVIDIA A30
  内存容量: 23.6 GB

当前设备: 0
设备名称: NVIDIA A30

进行GPU计算测试...
✓ GPU计算测试通过
GPU内存使用: 20.0 MB
GPU内存缓存: 20.0 MB

其他依赖库检查:
✓ pandas: 2.3.1
✓ scikit-learn: 1.6.1
✓ PyYAML 已安装
============================================================

============================================================
环境检测完成 - 所有检查通过！
============================================================
批处理模式：自动开始实验...

============================================================
开始运行实验
============================================================
使用配置文件: configs/experiment.yaml
设备配置: auto (将自动选择GPU)
