2025-08-18 02:18:51 - root - INFO - ============================================================
2025-08-18 02:18:51 - root - INFO - RealdataEXP 实验框架启动
2025-08-18 02:18:51 - root - INFO - ============================================================
2025-08-18 02:18:51 - root - INFO - 实验模式: global_optimized
2025-08-18 02:18:51 - root - INFO - 设备选择 (来自配置): auto
2025-08-18 02:18:51 - root - INFO - 实验目录: E:/MyDocument/Codes_notnut/_notpad/IEDA/RealdataEXP\results\20250818_0218
2025-08-18 02:18:51 - root - INFO - 配置文件: E:\MyDocument\Codes_notnut\_notpad\IEDA\RealdataEXP\configs/experiment_optimized.yaml
2025-08-18 02:18:51 - root - INFO - [模式选择] 运行Global模式优化实验
2025-08-18 02:18:51 - libs.utils.device_utils - INFO - [Device] No specified or available GPU backend found. Falling back to CPU.
2025-08-18 02:18:51 - libs.modes.global_mode_optimized - INFO - [Global模式优化] 初始化完成，设备: cpu, AMP: False
2025-08-18 02:18:51 - libs.modes.global_mode_optimized - INFO - [Global模式优化] 开始运行完整实验...
2025-08-18 02:18:51 - libs.utils.gpu_utils - WARNING - [GPU检查] CUDA不可用，将使用CPU运行
2025-08-18 02:18:51 - libs.utils.gpu_utils - WARNING - [GPU速度测试] CUDA不可用，跳过测试
2025-08-18 02:18:51 - libs.modes.global_mode_optimized - INFO - [Global模式优化] 开始数据加载和准备...
2025-08-18 02:18:51 - libs.data.data_loader - INFO - [数据准备] 开始数据加载和准备流程...
2025-08-18 02:18:51 - libs.data.data_loader - INFO - [数据加载] 开始加载所有数据文件...
2025-08-18 02:18:51 - libs.data.data_loader - INFO - [数据加载] (1/6) 正在加载 log_random: data/log_random_4_22_to_5_08_pure.csv
2025-08-18 02:18:52 - libs.data.data_loader - INFO - [数据加载] log_random 加载完成，形状: (1186059, 19)
2025-08-18 02:18:52 - libs.data.data_loader - INFO - [数据加载] (2/6) 正在加载 log_standard_early: data/log_standard_4_08_to_4_21_pure.csv
2025-08-18 02:18:53 - libs.data.data_loader - INFO - [数据加载] log_standard_early 加载完成，形状: (1141112, 19)
2025-08-18 02:18:53 - libs.data.data_loader - INFO - [数据加载] (3/6) 正在加载 log_standard_late: data/log_standard_4_22_to_5_08_pure.csv
2025-08-18 02:18:53 - libs.data.data_loader - INFO - [数据加载] log_standard_late 加载完成，形状: (295497, 19)
2025-08-18 02:18:53 - libs.data.data_loader - INFO - [数据加载] (4/6) 正在加载 user_features: data/user_features_pure.csv
2025-08-18 02:18:53 - libs.data.data_loader - INFO - [数据加载] user_features 加载完成，形状: (27285, 31)
2025-08-18 02:18:53 - libs.data.data_loader - INFO - [数据加载] (5/6) 正在加载 video_basic: data/video_features_basic_pure.csv
2025-08-18 02:18:53 - libs.data.data_loader - INFO - [数据加载] video_basic 加载完成，形状: (7583, 12)
2025-08-18 02:18:53 - libs.data.data_loader - INFO - [数据加载] (6/6) 正在加载 video_statistic: data/video_features_statistic_pure.csv
2025-08-18 02:18:53 - libs.data.data_loader - INFO - [数据加载] video_statistic 加载完成，形状: (7583, 52)
2025-08-18 02:18:53 - libs.data.data_loader - INFO - [数据加载] 所有数据文件加载完成
2025-08-18 02:18:53 - libs.data.data_loader - INFO - [数据合并] 合并多个日志文件...
2025-08-18 02:18:53 - libs.data.data_loader - INFO - [数据合并] 合并后日志数据形状: (2622668, 19)
2025-08-18 02:18:53 - libs.data.data_loader - INFO - [特征合并] 开始合并用户和视频特征...
2025-08-18 02:18:54 - libs.data.data_loader - INFO - [特征合并] 合并用户特征后形状: (2622668, 49)
2025-08-18 02:18:55 - libs.data.data_loader - INFO - [特征合并] 合并视频基础特征后形状: (2622668, 60)
2025-08-18 02:18:57 - libs.data.data_loader - INFO - [特征合并] 合并视频统计特征后形状: (2622668, 111)
2025-08-18 02:18:57 - libs.data.data_loader - INFO - [特征合并] 特征合并完成
2025-08-18 02:18:57 - libs.data.cache_manager - INFO - [缓存] 数据已加载: user_video_lists
2025-08-18 02:18:57 - libs.data.data_loader - INFO - [缓存] 从缓存加载用户-视频交互列表
2025-08-18 02:18:57 - libs.data.data_loader - INFO - [用户划分] 开始划分用户，验证集比例: 0.2
2025-08-18 02:18:57 - libs.data.data_loader - INFO - [用户划分] 训练用户数: 21828, 验证用户数: 5457
2025-08-18 02:18:57 - libs.data.data_loader - INFO - [标记位] 添加mask和used标记位...
2025-08-18 02:18:57 - libs.data.data_loader - INFO - [标记位] mask=1的样本数: 518679/2622668 (19.78%)
2025-08-18 02:18:57 - libs.data.data_loader - INFO - [标记位] 标记位添加完成
2025-08-18 02:18:57 - libs.data.data_loader - INFO - [数据准备] 数据准备流程完成
2025-08-18 02:18:57 - libs.modes.global_mode_optimized - INFO - [数据统计] total_samples: 2622668
2025-08-18 02:18:57 - libs.modes.global_mode_optimized - INFO - [数据统计] unique_users: 27285
2025-08-18 02:18:57 - libs.modes.global_mode_optimized - INFO - [数据统计] unique_videos: 7583
2025-08-18 02:18:57 - libs.modes.global_mode_optimized - INFO - [数据统计] train_users: 21828
2025-08-18 02:18:57 - libs.modes.global_mode_optimized - INFO - [数据统计] val_users: 5457
2025-08-18 02:18:57 - libs.modes.global_mode_optimized - INFO - [数据统计] click_rate: 0.3314472132957736
2025-08-18 02:18:57 - libs.modes.global_mode_optimized - INFO - [数据统计] avg_play_time: 15676.53942435718
2025-08-18 02:18:57 - libs.modes.global_mode_optimized - INFO - [数据统计] features_used: {'numerical': ['video_duration', 'server_width', 'server_height', 'show_cnt', 'play_cnt', 'play_user_num', 'complete_play_cnt', 'like_cnt', 'comment_cnt', 'share_cnt', 'collect_cnt', 'is_live_streamer', 'is_video_author', 'follow_user_num', 'fans_user_num', 'friend_user_num', 'register_days'], 'categorical': ['user_active_degree', 'video_type', 'tag']}
2025-08-18 02:18:57 - libs.modes.global_mode_optimized - INFO - [特征处理] 开始特征预处理...
2025-08-18 02:18:57 - libs.data.feature_processor - INFO - [特征处理] 开始特征拟合和转换...
2025-08-18 02:18:57 - libs.data.feature_processor - INFO - [特征处理] 处理缺失值...
2025-08-18 02:18:59 - libs.data.feature_processor - INFO - [特征处理] video_duration: 用0填充 65794 个缺失值
2025-08-18 02:18:59 - libs.data.feature_processor - INFO - [特征处理] tag: 将 28107 个缺失值标记为'MISSING'
2025-08-18 02:18:59 - libs.data.feature_processor - INFO - [特征处理] 缺失值处理完成
2025-08-18 02:18:59 - libs.data.feature_processor - INFO - [特征处理] 处理分类特征...
2025-08-18 02:19:01 - libs.data.feature_processor - INFO - [特征处理] user_active_degree: 9 个唯一值
2025-08-18 02:19:02 - libs.data.feature_processor - INFO - [特征处理] user_active_degree -> 9 个one-hot特征
2025-08-18 02:19:02 - libs.data.feature_processor - INFO - [特征处理] video_type: 3 个唯一值
2025-08-18 02:19:04 - libs.data.feature_processor - INFO - [特征处理] video_type -> 3 个one-hot特征
2025-08-18 02:19:04 - libs.data.feature_processor - INFO - [特征处理] tag: 111 个唯一值
2025-08-18 02:19:05 - libs.data.feature_processor - INFO - [特征处理] tag -> 111 个one-hot特征
2025-08-18 02:19:05 - libs.data.feature_processor - INFO - [特征处理] 分类特征处理完成，总维度: 123
2025-08-18 02:19:06 - libs.data.feature_processor - INFO - [特征处理] 处理数值特征...
2025-08-18 02:19:06 - libs.data.feature_processor - WARNING - [特征处理] 缺失的数值特征: ['follow_user_num']
2025-08-18 02:19:07 - libs.data.feature_processor - INFO - [特征处理] 数值特征标准化器已拟合，特征数: 16
2025-08-18 02:19:07 - libs.data.feature_processor - INFO - [特征处理] 数值特征标准化完成，维度: 16
2025-08-18 02:19:07 - libs.data.feature_processor - INFO - [特征处理] 特征处理完成，总维度: 139 (数值: 16, 分类: 123)
2025-08-18 02:19:08 - libs.data.feature_processor - INFO - [特征处理] 数据类型转换完成
2025-08-18 02:19:08 - libs.modes.global_mode_optimized - INFO - [特征处理] 特征维度: 139
2025-08-18 02:19:08 - libs.modes.global_mode_optimized - INFO - [特征处理] 特征列: ['video_duration', 'server_width', 'server_height', 'show_cnt', 'play_cnt', 'play_user_num', 'complete_play_cnt', 'like_cnt', 'comment_cnt', 'share_cnt', 'collect_cnt', 'is_live_streamer', 'is_video_author', 'fans_user_num', 'friend_user_num', 'register_days', 'user_active_degree_2_14_day_new', 'user_active_degree_30day_retention', 'user_active_degree_UNKNOWN', 'user_active_degree_day_new', 'user_active_degree_full_active', 'user_active_degree_high_active', 'user_active_degree_low_active', 'user_active_degree_middle_active', 'user_active_degree_single_low_active', 'video_type_AD', 'video_type_NORMAL', 'video_type_UNKNOWN', 'tag_1', 'tag_1,62', 'tag_10', 'tag_10,60', 'tag_11', 'tag_11,60', 'tag_12', 'tag_12,54', 'tag_12,54,60', 'tag_12,60', 'tag_12,62', 'tag_12,62,42', 'tag_12,62,60', 'tag_12,65', 'tag_12,65,60', 'tag_13', 'tag_13,62', 'tag_13,65', 'tag_14', 'tag_15', 'tag_15,67', 'tag_16', 'tag_17', 'tag_18', 'tag_19', 'tag_2', 'tag_20', 'tag_20,43', 'tag_20,54', 'tag_20,67', 'tag_20,67,68', 'tag_20,68', 'tag_21', 'tag_22', 'tag_23', 'tag_24', 'tag_25', 'tag_25,54', 'tag_25,65', 'tag_25,67', 'tag_26', 'tag_26,62', 'tag_26,65', 'tag_26,67', 'tag_27', 'tag_27,42', 'tag_27,42,54', 'tag_27,54', 'tag_27,67', 'tag_28', 'tag_29', 'tag_3', 'tag_3,42', 'tag_3,62', 'tag_3,62,42', 'tag_3,67', 'tag_30', 'tag_34', 'tag_35', 'tag_36', 'tag_37', 'tag_38', 'tag_39', 'tag_39,43', 'tag_39,68', 'tag_39,9', 'tag_4', 'tag_40,39', 'tag_42,18', 'tag_42,4', 'tag_42,60,18', 'tag_5', 'tag_5,42', 'tag_5,42,60', 'tag_5,54', 'tag_5,65', 'tag_5,65,42', 'tag_5,67', 'tag_56,39', 'tag_6', 'tag_62,10,60', 'tag_62,16', 'tag_62,18', 'tag_62,2', 'tag_62,27', 'tag_62,27,42', 'tag_62,4', 'tag_62,42,18', 'tag_62,42,4', 'tag_62,5', 'tag_62,5,42', 'tag_62,65,4', 'tag_62,7', 'tag_65,11', 'tag_65,18', 'tag_65,27,42', 'tag_65,36', 'tag_65,4', 'tag_65,42,18', 'tag_67,11', 'tag_67,19', 'tag_67,34', 'tag_67,4', 'tag_67,6', 'tag_67,7', 'tag_68,6', 'tag_7', 'tag_8', 'tag_8,67', 'tag_9', 'tag_MISSING']
2025-08-18 02:19:08 - libs.models.multi_label_model - INFO - [模型构建] 开始构建多标签预测模型...
2025-08-18 02:19:08 - libs.models.multi_label_model - INFO - [模型构建] 构建 play_time 模型...
2025-08-18 02:19:10 - libs.models.multi_label_model - INFO - [模型构建] play_time 模型: 79105 参数
2025-08-18 02:19:10 - libs.models.multi_label_model - INFO - [模型构建] 构建 click 模型...
2025-08-18 02:19:10 - libs.models.multi_label_model - INFO - [模型构建] click 模型: 28801 参数
2025-08-18 02:19:10 - libs.models.multi_label_model - INFO - [模型构建] 多标签模型构建完成，共 2 个模型
2025-08-18 02:19:10 - libs.modes.global_mode_optimized - INFO - [Global模式优化] 数据准备完成
2025-08-18 02:19:10 - libs.modes.global_mode_optimized - INFO - [预训练优化] 开始预训练阶段...
2025-08-18 02:19:17 - libs.modes.global_mode_optimized - INFO - [预训练优化] 数据划分完成 - 训练集: 1051994, 验证集: 1051995
2025-08-18 02:19:22 - libs.modes.global_mode_optimized - INFO - [数据集] 创建TabularDataset，样本数: 1051994, 特征维度: 139
2025-08-18 02:19:22 - libs.modes.global_mode_optimized - INFO - [DataLoader] 创建完成 - batch_size: 64, num_workers: 12, pin_memory: False
2025-08-18 02:19:26 - libs.modes.global_mode_optimized - INFO - [数据集] 创建TabularDataset，样本数: 1051995, 特征维度: 139
2025-08-18 02:19:26 - libs.modes.global_mode_optimized - INFO - [DataLoader] 创建完成 - batch_size: 64, num_workers: 12, pin_memory: False
2025-08-18 02:19:26 - libs.modes.global_mode_optimized - INFO - [预训练优化] Epoch 1/150
2025-08-18 02:21:32 - libs.modes.global_mode_optimized - INFO - [预训练优化] Epoch 1 训练完成，用时: 125.90秒 - 平均损失: train_play_time: 3.138765, train_click: 0.594640
2025-08-18 02:21:32 - libs.modes.global_mode_optimized - INFO - [预训练优化] Epoch 1 吞吐量: 8356 样本/秒
2025-08-18 02:22:45 - libs.modes.global_mode_optimized - INFO - [预训练优化] Epoch 1 验证完成 - 平均损失: val_play_time: 2.964924, val_click: 0.585336
2025-08-18 02:22:45 - libs.models.multi_label_model - INFO - [模型保存] 模型已保存到: E:/MyDocument/Codes_notnut/_notpad/IEDA/RealdataEXP\results\20250818_0218\checkpoints\pretrain_epoch_1.pt
2025-08-18 02:22:45 - libs.modes.global_mode_optimized - INFO - [预训练保存] Epoch 1 的模型已保存到checkpoints目录
2025-08-18 02:22:45 - libs.modes.global_mode_optimized - INFO - [预训练绘图] 损失曲线图已保存到: E:/MyDocument/Codes_notnut/_notpad/IEDA/RealdataEXP\results\20250818_0218\pretrain_loss_curves.png
2025-08-18 02:22:45 - libs.modes.global_mode_optimized - INFO - [预训练优化] Epoch 2/150
2025-08-18 02:27:15 - libs.modes.global_mode_optimized - INFO - [预训练优化] Epoch 2 训练完成，用时: 269.85秒 - 平均损失: train_play_time: 2.965010, train_click: 0.588252
2025-08-18 02:27:15 - libs.modes.global_mode_optimized - INFO - [预训练优化] Epoch 2 吞吐量: 3898 样本/秒
2025-08-18 02:28:56 - libs.modes.global_mode_optimized - INFO - [预训练优化] Epoch 2 验证完成 - 平均损失: val_play_time: 2.936441, val_click: 0.583338
2025-08-18 02:28:56 - libs.models.multi_label_model - INFO - [模型保存] 模型已保存到: E:/MyDocument/Codes_notnut/_notpad/IEDA/RealdataEXP\results\20250818_0218\checkpoints\pretrain_epoch_2.pt
2025-08-18 02:28:56 - libs.modes.global_mode_optimized - INFO - [预训练保存] Epoch 2 的模型已保存到checkpoints目录
2025-08-18 02:28:56 - libs.modes.global_mode_optimized - INFO - [预训练绘图] 损失曲线图已保存到: E:/MyDocument/Codes_notnut/_notpad/IEDA/RealdataEXP\results\20250818_0218\pretrain_loss_curves.png
2025-08-18 02:28:56 - libs.modes.global_mode_optimized - INFO - [预训练优化] Epoch 3/150
2025-08-18 02:33:51 - libs.modes.global_mode_optimized - INFO - [预训练优化] Epoch 3 训练完成，用时: 294.93秒 - 平均损失: train_play_time: 2.948232, train_click: 0.587327
2025-08-18 02:33:51 - libs.modes.global_mode_optimized - INFO - [预训练优化] Epoch 3 吞吐量: 3567 样本/秒
2025-08-18 02:35:36 - libs.modes.global_mode_optimized - INFO - [预训练优化] Epoch 3 验证完成 - 平均损失: val_play_time: 2.922722, val_click: 0.583121
2025-08-18 02:35:36 - libs.models.multi_label_model - INFO - [模型保存] 模型已保存到: E:/MyDocument/Codes_notnut/_notpad/IEDA/RealdataEXP\results\20250818_0218\checkpoints\pretrain_epoch_3.pt
2025-08-18 02:35:36 - libs.modes.global_mode_optimized - INFO - [预训练保存] Epoch 3 的模型已保存到checkpoints目录
2025-08-18 02:35:36 - libs.modes.global_mode_optimized - INFO - [预训练绘图] 损失曲线图已保存到: E:/MyDocument/Codes_notnut/_notpad/IEDA/RealdataEXP\results\20250818_0218\pretrain_loss_curves.png
2025-08-18 02:35:36 - libs.modes.global_mode_optimized - INFO - [预训练优化] Epoch 4/150
2025-08-18 02:39:43 - libs.modes.global_mode_optimized - INFO - [预训练优化] Epoch 4 训练完成，用时: 246.99秒 - 平均损失: train_play_time: 2.944936, train_click: 0.586786
2025-08-18 02:39:43 - libs.modes.global_mode_optimized - INFO - [预训练优化] Epoch 4 吞吐量: 4259 样本/秒
2025-08-18 02:41:15 - libs.modes.global_mode_optimized - INFO - [预训练优化] Epoch 4 验证完成 - 平均损失: val_play_time: 2.924838, val_click: 0.582784
2025-08-18 02:41:15 - libs.models.multi_label_model - INFO - [模型保存] 模型已保存到: E:/MyDocument/Codes_notnut/_notpad/IEDA/RealdataEXP\results\20250818_0218\checkpoints\pretrain_epoch_4.pt
2025-08-18 02:41:15 - libs.modes.global_mode_optimized - INFO - [预训练保存] Epoch 4 的模型已保存到checkpoints目录
2025-08-18 02:41:15 - libs.modes.global_mode_optimized - INFO - [预训练绘图] 损失曲线图已保存到: E:/MyDocument/Codes_notnut/_notpad/IEDA/RealdataEXP\results\20250818_0218\pretrain_loss_curves.png
2025-08-18 02:41:15 - libs.modes.global_mode_optimized - INFO - [预训练优化] Epoch 5/150
2025-08-18 02:45:00 - libs.modes.global_mode_optimized - INFO - [预训练优化] Epoch 5 训练完成，用时: 224.31秒 - 平均损失: train_play_time: 2.937482, train_click: 0.586675
2025-08-18 02:45:00 - libs.modes.global_mode_optimized - INFO - [预训练优化] Epoch 5 吞吐量: 4690 样本/秒
2025-08-18 02:46:17 - libs.modes.global_mode_optimized - INFO - [预训练优化] Epoch 5 验证完成 - 平均损失: val_play_time: 2.920379, val_click: 0.581815
2025-08-18 02:46:17 - libs.models.multi_label_model - INFO - [模型保存] 模型已保存到: E:/MyDocument/Codes_notnut/_notpad/IEDA/RealdataEXP\results\20250818_0218\checkpoints\pretrain_epoch_5.pt
2025-08-18 02:46:17 - libs.modes.global_mode_optimized - INFO - [预训练保存] Epoch 5 的模型已保存到checkpoints目录
2025-08-18 02:46:18 - libs.modes.global_mode_optimized - INFO - [预训练绘图] 损失曲线图已保存到: E:/MyDocument/Codes_notnut/_notpad/IEDA/RealdataEXP\results\20250818_0218\pretrain_loss_curves.png
2025-08-18 02:46:18 - libs.modes.global_mode_optimized - INFO - [预训练优化] Epoch 6/150
2025-08-18 02:49:47 - libs.modes.global_mode_optimized - INFO - [预训练优化] Epoch 6 训练完成，用时: 209.17秒 - 平均损失: train_play_time: 2.935516, train_click: 0.586344
2025-08-18 02:49:47 - libs.modes.global_mode_optimized - INFO - [预训练优化] Epoch 6 吞吐量: 5029 样本/秒
2025-08-18 02:51:16 - libs.modes.global_mode_optimized - INFO - [预训练优化] Epoch 6 验证完成 - 平均损失: val_play_time: 2.916053, val_click: 0.582564
2025-08-18 02:51:16 - libs.models.multi_label_model - INFO - [模型保存] 模型已保存到: E:/MyDocument/Codes_notnut/_notpad/IEDA/RealdataEXP\results\20250818_0218\checkpoints\pretrain_epoch_6.pt
2025-08-18 02:51:16 - libs.modes.global_mode_optimized - INFO - [预训练保存] Epoch 6 的模型已保存到checkpoints目录
2025-08-18 02:51:17 - libs.modes.global_mode_optimized - INFO - [预训练绘图] 损失曲线图已保存到: E:/MyDocument/Codes_notnut/_notpad/IEDA/RealdataEXP\results\20250818_0218\pretrain_loss_curves.png
2025-08-18 02:51:17 - libs.modes.global_mode_optimized - INFO - [预训练优化] Epoch 7/150
2025-08-18 02:54:36 - libs.modes.global_mode_optimized - INFO - [预训练优化] Epoch 7 训练完成，用时: 198.67秒 - 平均损失: train_play_time: 2.933020, train_click: 0.586260
2025-08-18 02:54:36 - libs.modes.global_mode_optimized - INFO - [预训练优化] Epoch 7 吞吐量: 5295 样本/秒
2025-08-18 02:56:00 - libs.modes.global_mode_optimized - INFO - [预训练优化] Epoch 7 验证完成 - 平均损失: val_play_time: 2.910769, val_click: 0.582065
2025-08-18 02:56:00 - libs.models.multi_label_model - INFO - [模型保存] 模型已保存到: E:/MyDocument/Codes_notnut/_notpad/IEDA/RealdataEXP\results\20250818_0218\checkpoints\pretrain_epoch_7.pt
2025-08-18 02:56:00 - libs.modes.global_mode_optimized - INFO - [预训练保存] Epoch 7 的模型已保存到checkpoints目录
2025-08-18 02:56:01 - libs.modes.global_mode_optimized - INFO - [预训练绘图] 损失曲线图已保存到: E:/MyDocument/Codes_notnut/_notpad/IEDA/RealdataEXP\results\20250818_0218\pretrain_loss_curves.png
2025-08-18 02:56:01 - libs.modes.global_mode_optimized - INFO - [预训练优化] Epoch 8/150
2025-08-18 03:01:14 - libs.modes.global_mode_optimized - INFO - [预训练优化] Epoch 8 训练完成，用时: 313.79秒 - 平均损失: train_play_time: 2.935328, train_click: 0.586126
2025-08-18 03:01:14 - libs.modes.global_mode_optimized - INFO - [预训练优化] Epoch 8 吞吐量: 3353 样本/秒
2025-08-18 03:02:36 - libs.modes.global_mode_optimized - INFO - [预训练优化] Epoch 8 验证完成 - 平均损失: val_play_time: 2.908093, val_click: 0.581657
2025-08-18 03:02:36 - libs.models.multi_label_model - INFO - [模型保存] 模型已保存到: E:/MyDocument/Codes_notnut/_notpad/IEDA/RealdataEXP\results\20250818_0218\checkpoints\pretrain_epoch_8.pt
2025-08-18 03:02:36 - libs.modes.global_mode_optimized - INFO - [预训练保存] Epoch 8 的模型已保存到checkpoints目录
2025-08-18 03:02:36 - libs.modes.global_mode_optimized - INFO - [预训练绘图] 损失曲线图已保存到: E:/MyDocument/Codes_notnut/_notpad/IEDA/RealdataEXP\results\20250818_0218\pretrain_loss_curves.png
2025-08-18 03:02:36 - libs.modes.global_mode_optimized - INFO - [预训练优化] Epoch 9/150
2025-08-18 03:05:57 - libs.modes.global_mode_optimized - INFO - [预训练优化] Epoch 9 训练完成，用时: 200.96秒 - 平均损失: train_play_time: 2.932378, train_click: 0.586039
2025-08-18 03:05:57 - libs.modes.global_mode_optimized - INFO - [预训练优化] Epoch 9 吞吐量: 5235 样本/秒
2025-08-18 03:07:24 - libs.modes.global_mode_optimized - INFO - [预训练优化] Epoch 9 验证完成 - 平均损失: val_play_time: 2.918659, val_click: 0.581573
2025-08-18 03:07:24 - libs.models.multi_label_model - INFO - [模型保存] 模型已保存到: E:/MyDocument/Codes_notnut/_notpad/IEDA/RealdataEXP\results\20250818_0218\checkpoints\pretrain_epoch_9.pt
2025-08-18 03:07:24 - libs.modes.global_mode_optimized - INFO - [预训练保存] Epoch 9 的模型已保存到checkpoints目录
2025-08-18 03:07:25 - libs.modes.global_mode_optimized - INFO - [预训练绘图] 损失曲线图已保存到: E:/MyDocument/Codes_notnut/_notpad/IEDA/RealdataEXP\results\20250818_0218\pretrain_loss_curves.png
2025-08-18 03:07:25 - libs.modes.global_mode_optimized - INFO - [预训练优化] Epoch 10/150
2025-08-18 03:12:16 - libs.modes.global_mode_optimized - INFO - [预训练优化] Epoch 10 训练完成，用时: 291.73秒 - 平均损失: train_play_time: 2.933128, train_click: 0.585895
2025-08-18 03:12:16 - libs.modes.global_mode_optimized - INFO - [预训练优化] Epoch 10 吞吐量: 3606 样本/秒
2025-08-18 03:13:45 - libs.modes.global_mode_optimized - INFO - [预训练优化] Epoch 10 验证完成 - 平均损失: val_play_time: 2.910384, val_click: 0.581898
2025-08-18 03:13:45 - libs.models.multi_label_model - INFO - [模型保存] 模型已保存到: E:/MyDocument/Codes_notnut/_notpad/IEDA/RealdataEXP\results\20250818_0218\checkpoints\pretrain_epoch_10.pt
2025-08-18 03:13:45 - libs.modes.global_mode_optimized - INFO - [预训练保存] Epoch 10 的模型已保存到checkpoints目录
2025-08-18 03:13:46 - libs.modes.global_mode_optimized - INFO - [预训练绘图] 损失曲线图已保存到: E:/MyDocument/Codes_notnut/_notpad/IEDA/RealdataEXP\results\20250818_0218\pretrain_loss_curves.png
2025-08-18 03:13:46 - libs.modes.global_mode_optimized - INFO - [预训练优化] Epoch 11/150
2025-08-18 03:17:36 - libs.modes.global_mode_optimized - INFO - [预训练优化] Epoch 11 训练完成，用时: 230.66秒 - 平均损失: train_play_time: 2.929275, train_click: 0.585905
2025-08-18 03:17:36 - libs.modes.global_mode_optimized - INFO - [预训练优化] Epoch 11 吞吐量: 4561 样本/秒
2025-08-18 03:18:55 - libs.modes.global_mode_optimized - INFO - [预训练优化] Epoch 11 验证完成 - 平均损失: val_play_time: 2.902432, val_click: 0.581635
2025-08-18 03:18:55 - libs.models.multi_label_model - INFO - [模型保存] 模型已保存到: E:/MyDocument/Codes_notnut/_notpad/IEDA/RealdataEXP\results\20250818_0218\checkpoints\pretrain_epoch_11.pt
2025-08-18 03:18:55 - libs.modes.global_mode_optimized - INFO - [预训练保存] Epoch 11 的模型已保存到checkpoints目录
2025-08-18 03:18:55 - libs.modes.global_mode_optimized - INFO - [预训练绘图] 损失曲线图已保存到: E:/MyDocument/Codes_notnut/_notpad/IEDA/RealdataEXP\results\20250818_0218\pretrain_loss_curves.png
2025-08-18 03:18:55 - libs.modes.global_mode_optimized - INFO - [预训练优化] Epoch 12/150
2025-08-18 03:23:00 - libs.modes.global_mode_optimized - INFO - [预训练优化] Epoch 12 训练完成，用时: 245.48秒 - 平均损失: train_play_time: 2.930289, train_click: 0.585947
2025-08-18 03:23:00 - libs.modes.global_mode_optimized - INFO - [预训练优化] Epoch 12 吞吐量: 4285 样本/秒
2025-08-18 03:24:33 - libs.modes.global_mode_optimized - INFO - [预训练优化] Epoch 12 验证完成 - 平均损失: val_play_time: 2.907320, val_click: 0.581072
2025-08-18 03:24:33 - libs.models.multi_label_model - INFO - [模型保存] 模型已保存到: E:/MyDocument/Codes_notnut/_notpad/IEDA/RealdataEXP\results\20250818_0218\checkpoints\pretrain_epoch_12.pt
2025-08-18 03:24:33 - libs.modes.global_mode_optimized - INFO - [预训练保存] Epoch 12 的模型已保存到checkpoints目录
2025-08-18 03:24:33 - libs.modes.global_mode_optimized - INFO - [预训练绘图] 损失曲线图已保存到: E:/MyDocument/Codes_notnut/_notpad/IEDA/RealdataEXP\results\20250818_0218\pretrain_loss_curves.png
2025-08-18 03:24:33 - libs.modes.global_mode_optimized - INFO - [预训练优化] Epoch 13/150
2025-08-18 03:27:58 - libs.modes.global_mode_optimized - INFO - [预训练优化] Epoch 13 训练完成，用时: 204.76秒 - 平均损失: train_play_time: 2.930770, train_click: 0.586109
2025-08-18 03:27:58 - libs.modes.global_mode_optimized - INFO - [预训练优化] Epoch 13 吞吐量: 5138 样本/秒
2025-08-18 03:29:36 - libs.modes.global_mode_optimized - INFO - [预训练优化] Epoch 13 验证完成 - 平均损失: val_play_time: 2.910285, val_click: 0.581376
2025-08-18 03:29:36 - libs.models.multi_label_model - INFO - [模型保存] 模型已保存到: E:/MyDocument/Codes_notnut/_notpad/IEDA/RealdataEXP\results\20250818_0218\checkpoints\pretrain_epoch_13.pt
2025-08-18 03:29:36 - libs.modes.global_mode_optimized - INFO - [预训练保存] Epoch 13 的模型已保存到checkpoints目录
2025-08-18 03:29:36 - libs.modes.global_mode_optimized - INFO - [预训练绘图] 损失曲线图已保存到: E:/MyDocument/Codes_notnut/_notpad/IEDA/RealdataEXP\results\20250818_0218\pretrain_loss_curves.png
2025-08-18 03:29:36 - libs.modes.global_mode_optimized - INFO - [预训练优化] Epoch 14/150
2025-08-18 03:34:36 - libs.modes.global_mode_optimized - INFO - [预训练优化] Epoch 14 训练完成，用时: 299.69秒 - 平均损失: train_play_time: 2.924772, train_click: 0.585809
2025-08-18 03:34:36 - libs.modes.global_mode_optimized - INFO - [预训练优化] Epoch 14 吞吐量: 3510 样本/秒
2025-08-18 03:36:00 - libs.modes.global_mode_optimized - INFO - [预训练优化] Epoch 14 验证完成 - 平均损失: val_play_time: 2.936818, val_click: 0.581771
2025-08-18 03:36:00 - libs.models.multi_label_model - INFO - [模型保存] 模型已保存到: E:/MyDocument/Codes_notnut/_notpad/IEDA/RealdataEXP\results\20250818_0218\checkpoints\pretrain_epoch_14.pt
2025-08-18 03:36:00 - libs.modes.global_mode_optimized - INFO - [预训练保存] Epoch 14 的模型已保存到checkpoints目录
2025-08-18 03:36:00 - libs.modes.global_mode_optimized - INFO - [预训练绘图] 损失曲线图已保存到: E:/MyDocument/Codes_notnut/_notpad/IEDA/RealdataEXP\results\20250818_0218\pretrain_loss_curves.png
2025-08-18 03:36:00 - libs.modes.global_mode_optimized - INFO - [预训练优化] Epoch 15/150
